{"C:\\Users\\tulig\\Project-CMCord\\server\\src\\app.js": {"path":"C:\\Users\\tulig\\Project-CMCord\\server\\src\\app.js","statementMap":{"0":{"start":{"line":1,"column":16},"end":{"line":1,"column":34}},"1":{"start":{"line":2,"column":13},"end":{"line":2,"column":28}},"2":{"start":{"line":3,"column":13},"end":{"line":3,"column":28}},"3":{"start":{"line":4,"column":15},"end":{"line":4,"column":32}},"4":{"start":{"line":6,"column":22},"end":{"line":6,"column":52}},"5":{"start":{"line":7,"column":22},"end":{"line":7,"column":54}},"6":{"start":{"line":8,"column":22},"end":{"line":8,"column":55}},"7":{"start":{"line":9,"column":22},"end":{"line":9,"column":55}},"8":{"start":{"line":10,"column":23},"end":{"line":10,"column":53}},"9":{"start":{"line":11,"column":23},"end":{"line":11,"column":51}},"10":{"start":{"line":12,"column":23},"end":{"line":12,"column":55}},"11":{"start":{"line":15,"column":27},"end":{"line":15,"column":59}},"12":{"start":{"line":16,"column":27},"end":{"line":16,"column":65}},"13":{"start":{"line":17,"column":27},"end":{"line":17,"column":59}},"14":{"start":{"line":18,"column":27},"end":{"line":18,"column":63}},"15":{"start":{"line":19,"column":27},"end":{"line":19,"column":63}},"16":{"start":{"line":21,"column":12},"end":{"line":21,"column":21}},"17":{"start":{"line":25,"column":0},"end":{"line":25,"column":51}},"18":{"start":{"line":26,"column":0},"end":{"line":26,"column":24}},"19":{"start":{"line":27,"column":0},"end":{"line":27,"column":72}},"20":{"start":{"line":30,"column":0},"end":{"line":30,"column":37}},"21":{"start":{"line":31,"column":0},"end":{"line":31,"column":39}},"22":{"start":{"line":32,"column":0},"end":{"line":32,"column":40}},"23":{"start":{"line":33,"column":0},"end":{"line":33,"column":39}},"24":{"start":{"line":34,"column":0},"end":{"line":34,"column":40}},"25":{"start":{"line":35,"column":0},"end":{"line":35,"column":34}},"26":{"start":{"line":36,"column":0},"end":{"line":36,"column":29}},"27":{"start":{"line":37,"column":0},"end":{"line":37,"column":38}},"28":{"start":{"line":40,"column":0},"end":{"line":40,"column":48}},"29":{"start":{"line":41,"column":0},"end":{"line":41,"column":42}},"30":{"start":{"line":42,"column":0},"end":{"line":42,"column":46}},"31":{"start":{"line":43,"column":0},"end":{"line":43,"column":46}},"32":{"start":{"line":46,"column":0},"end":{"line":46,"column":65}},"33":{"start":{"line":46,"column":37},"end":{"line":46,"column":63}},"34":{"start":{"line":49,"column":0},"end":{"line":49,"column":92}},"35":{"start":{"line":49,"column":22},"end":{"line":49,"column":90}},"36":{"start":{"line":52,"column":0},"end":{"line":64,"column":3}},"37":{"start":{"line":53,"column":2},"end":{"line":58,"column":3}},"38":{"start":{"line":54,"column":20},"end":{"line":56,"column":19}},"39":{"start":{"line":57,"column":4},"end":{"line":57,"column":61}},"40":{"start":{"line":59,"column":2},"end":{"line":61,"column":3}},"41":{"start":{"line":60,"column":4},"end":{"line":60,"column":97}},"42":{"start":{"line":62,"column":2},"end":{"line":62,"column":27}},"43":{"start":{"line":63,"column":2},"end":{"line":63,"column":77}},"44":{"start":{"line":66,"column":0},"end":{"line":66,"column":21}}},"fnMap":{"0":{"name":"(anonymous_0)","decl":{"start":{"line":46,"column":23},"end":{"line":46,"column":24}},"loc":{"start":{"line":46,"column":37},"end":{"line":46,"column":63}},"line":46},"1":{"name":"(anonymous_1)","decl":{"start":{"line":49,"column":8},"end":{"line":49,"column":9}},"loc":{"start":{"line":49,"column":22},"end":{"line":49,"column":90}},"line":49},"2":{"name":"(anonymous_2)","decl":{"start":{"line":52,"column":8},"end":{"line":52,"column":9}},"loc":{"start":{"line":52,"column":33},"end":{"line":64,"column":1}},"line":52}},"branchMap":{"0":{"loc":{"start":{"line":53,"column":2},"end":{"line":58,"column":3}},"type":"if","locations":[{"start":{"line":53,"column":2},"end":{"line":58,"column":3}},{"start":{},"end":{}}],"line":53},"1":{"loc":{"start":{"line":54,"column":20},"end":{"line":56,"column":19}},"type":"cond-expr","locations":[{"start":{"line":55,"column":8},"end":{"line":55,"column":56}},{"start":{"line":56,"column":8},"end":{"line":56,"column":19}}],"line":54},"2":{"loc":{"start":{"line":59,"column":2},"end":{"line":61,"column":3}},"type":"if","locations":[{"start":{"line":59,"column":2},"end":{"line":61,"column":3}},{"start":{},"end":{}}],"line":59}},"s":{"0":0,"1":0,"2":0,"3":0,"4":0,"5":0,"6":0,"7":0,"8":0,"9":0,"10":0,"11":0,"12":0,"13":0,"14":0,"15":0,"16":0,"17":0,"18":0,"19":0,"20":0,"21":0,"22":0,"23":0,"24":0,"25":0,"26":0,"27":0,"28":0,"29":0,"30":0,"31":0,"32":0,"33":0,"34":0,"35":0,"36":0,"37":0,"38":0,"39":0,"40":0,"41":0,"42":0,"43":0,"44":0},"f":{"0":0,"1":0,"2":0},"b":{"0":[0,0],"1":[0,0],"2":[0,0]}}
,"C:\\Users\\tulig\\Project-CMCord\\server\\src\\config\\cloudinary.js": {"path":"C:\\Users\\tulig\\Project-CMCord\\server\\src\\config\\cloudinary.js","statementMap":{"0":{"start":{"line":1,"column":27},"end":{"line":1,"column":48}},"1":{"start":{"line":6,"column":31},"end":{"line":10,"column":1}},"2":{"start":{"line":12,"column":0},"end":{"line":18,"column":1}},"3":{"start":{"line":13,"column":2},"end":{"line":17,"column":5}},"4":{"start":{"line":20,"column":0},"end":{"line":20,"column":56}}},"fnMap":{},"branchMap":{"0":{"loc":{"start":{"line":7,"column":2},"end":{"line":9,"column":35}},"type":"binary-expr","locations":[{"start":{"line":7,"column":2},"end":{"line":7,"column":35}},{"start":{"line":8,"column":2},"end":{"line":8,"column":32}},{"start":{"line":9,"column":2},"end":{"line":9,"column":35}}],"line":7},"1":{"loc":{"start":{"line":12,"column":0},"end":{"line":18,"column":1}},"type":"if","locations":[{"start":{"line":12,"column":0},"end":{"line":18,"column":1}},{"start":{},"end":{}}],"line":12}},"s":{"0":0,"1":0,"2":0,"3":0,"4":0},"f":{},"b":{"0":[0,0,0],"1":[0,0]}}
,"C:\\Users\\tulig\\Project-CMCord\\server\\src\\config\\db.js": {"path":"C:\\Users\\tulig\\Project-CMCord\\server\\src\\config\\db.js","statementMap":{"0":{"start":{"line":1,"column":17},"end":{"line":1,"column":36}},"1":{"start":{"line":3,"column":18},"end":{"line":11,"column":1}},"2":{"start":{"line":4,"column":2},"end":{"line":10,"column":3}},"3":{"start":{"line":5,"column":4},"end":{"line":5,"column":90}},"4":{"start":{"line":6,"column":4},"end":{"line":6,"column":37}},"5":{"start":{"line":8,"column":4},"end":{"line":8,"column":60}},"6":{"start":{"line":9,"column":4},"end":{"line":9,"column":20}},"7":{"start":{"line":13,"column":0},"end":{"line":13,"column":27}}},"fnMap":{"0":{"name":"(anonymous_0)","decl":{"start":{"line":3,"column":18},"end":{"line":3,"column":19}},"loc":{"start":{"line":3,"column":30},"end":{"line":11,"column":1}},"line":3}},"branchMap":{"0":{"loc":{"start":{"line":5,"column":27},"end":{"line":5,"column":88}},"type":"binary-expr","locations":[{"start":{"line":5,"column":27},"end":{"line":5,"column":50}},{"start":{"line":5,"column":54},"end":{"line":5,"column":88}}],"line":5}},"s":{"0":0,"1":0,"2":0,"3":0,"4":0,"5":0,"6":0,"7":0},"f":{"0":0},"b":{"0":[0,0]}}
,"C:\\Users\\tulig\\Project-CMCord\\server\\src\\controllers\\assignmentController.js": {"path":"C:\\Users\\tulig\\Project-CMCord\\server\\src\\controllers\\assignmentController.js","statementMap":{"0":{"start":{"line":1,"column":19},"end":{"line":1,"column":50}},"1":{"start":{"line":2,"column":15},"end":{"line":2,"column":42}},"2":{"start":{"line":3,"column":19},"end":{"line":3,"column":50}},"3":{"start":{"line":4,"column":31},"end":{"line":4,"column":58}},"4":{"start":{"line":5,"column":43},"end":{"line":5,"column":80}},"5":{"start":{"line":8,"column":23},"end":{"line":21,"column":1}},"6":{"start":{"line":9,"column":2},"end":{"line":20,"column":3}},"7":{"start":{"line":10,"column":19},"end":{"line":10,"column":61}},"8":{"start":{"line":11,"column":4},"end":{"line":11,"column":94}},"9":{"start":{"line":11,"column":17},"end":{"line":11,"column":94}},"10":{"start":{"line":13,"column":21},"end":{"line":13,"column":76}},"11":{"start":{"line":13,"column":48},"end":{"line":13,"column":75}},"12":{"start":{"line":14,"column":4},"end":{"line":14,"column":107}},"13":{"start":{"line":14,"column":19},"end":{"line":14,"column":107}},"14":{"start":{"line":16,"column":24},"end":{"line":16,"column":106}},"15":{"start":{"line":17,"column":4},"end":{"line":17,"column":51}},"16":{"start":{"line":19,"column":4},"end":{"line":19,"column":67}},"17":{"start":{"line":24,"column":25},"end":{"line":53,"column":1}},"18":{"start":{"line":25,"column":2},"end":{"line":52,"column":3}},"19":{"start":{"line":26,"column":19},"end":{"line":26,"column":61}},"20":{"start":{"line":27,"column":4},"end":{"line":27,"column":94}},"21":{"start":{"line":27,"column":17},"end":{"line":27,"column":94}},"22":{"start":{"line":29,"column":17},"end":{"line":29,"column":52}},"23":{"start":{"line":30,"column":4},"end":{"line":31,"column":106}},"24":{"start":{"line":31,"column":6},"end":{"line":31,"column":106}},"25":{"start":{"line":33,"column":18},"end":{"line":33,"column":40}},"26":{"start":{"line":34,"column":4},"end":{"line":34,"column":104}},"27":{"start":{"line":34,"column":16},"end":{"line":34,"column":104}},"28":{"start":{"line":36,"column":21},"end":{"line":36,"column":49}},"29":{"start":{"line":37,"column":21},"end":{"line":37,"column":56}},"30":{"start":{"line":38,"column":21},"end":{"line":38,"column":60}},"31":{"start":{"line":40,"column":23},"end":{"line":47,"column":6}},"32":{"start":{"line":49,"column":4},"end":{"line":49,"column":62}},"33":{"start":{"line":51,"column":4},"end":{"line":51,"column":67}},"34":{"start":{"line":56,"column":22},"end":{"line":69,"column":1}},"35":{"start":{"line":57,"column":2},"end":{"line":68,"column":3}},"36":{"start":{"line":58,"column":23},"end":{"line":58,"column":63}},"37":{"start":{"line":59,"column":4},"end":{"line":59,"column":102}},"38":{"start":{"line":59,"column":21},"end":{"line":59,"column":102}},"39":{"start":{"line":61,"column":19},"end":{"line":61,"column":59}},"40":{"start":{"line":62,"column":21},"end":{"line":62,"column":77}},"41":{"start":{"line":62,"column":49},"end":{"line":62,"column":76}},"42":{"start":{"line":63,"column":4},"end":{"line":63,"column":107}},"43":{"start":{"line":63,"column":19},"end":{"line":63,"column":107}},"44":{"start":{"line":65,"column":4},"end":{"line":65,"column":50}},"45":{"start":{"line":67,"column":4},"end":{"line":67,"column":67}},"46":{"start":{"line":72,"column":25},"end":{"line":103,"column":1}},"47":{"start":{"line":73,"column":2},"end":{"line":102,"column":3}},"48":{"start":{"line":74,"column":23},"end":{"line":74,"column":63}},"49":{"start":{"line":75,"column":4},"end":{"line":75,"column":102}},"50":{"start":{"line":75,"column":21},"end":{"line":75,"column":102}},"51":{"start":{"line":77,"column":19},"end":{"line":77,"column":59}},"52":{"start":{"line":78,"column":17},"end":{"line":78,"column":68}},"53":{"start":{"line":79,"column":4},"end":{"line":80,"column":105}},"54":{"start":{"line":80,"column":6},"end":{"line":80,"column":105}},"55":{"start":{"line":82,"column":45},"end":{"line":82,"column":53}},"56":{"start":{"line":83,"column":4},"end":{"line":86,"column":5}},"57":{"start":{"line":84,"column":6},"end":{"line":84,"column":113}},"58":{"start":{"line":84,"column":25},"end":{"line":84,"column":113}},"59":{"start":{"line":85,"column":6},"end":{"line":85,"column":38}},"60":{"start":{"line":87,"column":4},"end":{"line":87,"column":72}},"61":{"start":{"line":87,"column":35},"end":{"line":87,"column":72}},"62":{"start":{"line":88,"column":4},"end":{"line":96,"column":5}},"63":{"start":{"line":89,"column":27},"end":{"line":89,"column":63}},"64":{"start":{"line":92,"column":6},"end":{"line":94,"column":7}},"65":{"start":{"line":93,"column":8},"end":{"line":93,"column":41}},"66":{"start":{"line":95,"column":6},"end":{"line":95,"column":41}},"67":{"start":{"line":98,"column":4},"end":{"line":98,"column":28}},"68":{"start":{"line":99,"column":4},"end":{"line":99,"column":50}},"69":{"start":{"line":101,"column":4},"end":{"line":101,"column":67}},"70":{"start":{"line":106,"column":25},"end":{"line":122,"column":1}},"71":{"start":{"line":107,"column":2},"end":{"line":121,"column":3}},"72":{"start":{"line":108,"column":23},"end":{"line":108,"column":63}},"73":{"start":{"line":109,"column":4},"end":{"line":109,"column":102}},"74":{"start":{"line":109,"column":21},"end":{"line":109,"column":102}},"75":{"start":{"line":111,"column":19},"end":{"line":111,"column":59}},"76":{"start":{"line":112,"column":17},"end":{"line":112,"column":68}},"77":{"start":{"line":113,"column":4},"end":{"line":114,"column":105}},"78":{"start":{"line":114,"column":6},"end":{"line":114,"column":105}},"79":{"start":{"line":116,"column":4},"end":{"line":116,"column":64}},"80":{"start":{"line":117,"column":4},"end":{"line":117,"column":33}},"81":{"start":{"line":118,"column":4},"end":{"line":118,"column":59}},"82":{"start":{"line":120,"column":4},"end":{"line":120,"column":67}},"83":{"start":{"line":124,"column":0},"end":{"line":124,"column":105}}},"fnMap":{"0":{"name":"(anonymous_0)","decl":{"start":{"line":8,"column":23},"end":{"line":8,"column":24}},"loc":{"start":{"line":8,"column":43},"end":{"line":21,"column":1}},"line":8},"1":{"name":"(anonymous_1)","decl":{"start":{"line":13,"column":41},"end":{"line":13,"column":42}},"loc":{"start":{"line":13,"column":48},"end":{"line":13,"column":75}},"line":13},"2":{"name":"(anonymous_2)","decl":{"start":{"line":24,"column":25},"end":{"line":24,"column":26}},"loc":{"start":{"line":24,"column":45},"end":{"line":53,"column":1}},"line":24},"3":{"name":"(anonymous_3)","decl":{"start":{"line":56,"column":22},"end":{"line":56,"column":23}},"loc":{"start":{"line":56,"column":42},"end":{"line":69,"column":1}},"line":56},"4":{"name":"(anonymous_4)","decl":{"start":{"line":62,"column":42},"end":{"line":62,"column":43}},"loc":{"start":{"line":62,"column":49},"end":{"line":62,"column":76}},"line":62},"5":{"name":"(anonymous_5)","decl":{"start":{"line":72,"column":25},"end":{"line":72,"column":26}},"loc":{"start":{"line":72,"column":45},"end":{"line":103,"column":1}},"line":72},"6":{"name":"(anonymous_6)","decl":{"start":{"line":106,"column":25},"end":{"line":106,"column":26}},"loc":{"start":{"line":106,"column":45},"end":{"line":122,"column":1}},"line":106}},"branchMap":{"0":{"loc":{"start":{"line":11,"column":4},"end":{"line":11,"column":94}},"type":"if","locations":[{"start":{"line":11,"column":4},"end":{"line":11,"column":94}},{"start":{},"end":{}}],"line":11},"1":{"loc":{"start":{"line":14,"column":4},"end":{"line":14,"column":107}},"type":"if","locations":[{"start":{"line":14,"column":4},"end":{"line":14,"column":107}},{"start":{},"end":{}}],"line":14},"2":{"loc":{"start":{"line":27,"column":4},"end":{"line":27,"column":94}},"type":"if","locations":[{"start":{"line":27,"column":4},"end":{"line":27,"column":94}},{"start":{},"end":{}}],"line":27},"3":{"loc":{"start":{"line":30,"column":4},"end":{"line":31,"column":106}},"type":"if","locations":[{"start":{"line":30,"column":4},"end":{"line":31,"column":106}},{"start":{},"end":{}}],"line":30},"4":{"loc":{"start":{"line":34,"column":4},"end":{"line":34,"column":104}},"type":"if","locations":[{"start":{"line":34,"column":4},"end":{"line":34,"column":104}},{"start":{},"end":{}}],"line":34},"5":{"loc":{"start":{"line":37,"column":21},"end":{"line":37,"column":56}},"type":"cond-expr","locations":[{"start":{"line":37,"column":32},"end":{"line":37,"column":49}},{"start":{"line":37,"column":52},"end":{"line":37,"column":56}}],"line":37},"6":{"loc":{"start":{"line":38,"column":21},"end":{"line":38,"column":60}},"type":"cond-expr","locations":[{"start":{"line":38,"column":32},"end":{"line":38,"column":53}},{"start":{"line":38,"column":56},"end":{"line":38,"column":60}}],"line":38},"7":{"loc":{"start":{"line":43,"column":19},"end":{"line":43,"column":45}},"type":"binary-expr","locations":[{"start":{"line":43,"column":19},"end":{"line":43,"column":39}},{"start":{"line":43,"column":43},"end":{"line":43,"column":45}}],"line":43},"8":{"loc":{"start":{"line":44,"column":16},"end":{"line":44,"column":70}},"type":"cond-expr","locations":[{"start":{"line":44,"column":36},"end":{"line":44,"column":63}},{"start":{"line":44,"column":66},"end":{"line":44,"column":70}}],"line":44},"9":{"loc":{"start":{"line":59,"column":4},"end":{"line":59,"column":102}},"type":"if","locations":[{"start":{"line":59,"column":4},"end":{"line":59,"column":102}},{"start":{},"end":{}}],"line":59},"10":{"loc":{"start":{"line":63,"column":4},"end":{"line":63,"column":107}},"type":"if","locations":[{"start":{"line":63,"column":4},"end":{"line":63,"column":107}},{"start":{},"end":{}}],"line":63},"11":{"loc":{"start":{"line":75,"column":4},"end":{"line":75,"column":102}},"type":"if","locations":[{"start":{"line":75,"column":4},"end":{"line":75,"column":102}},{"start":{},"end":{}}],"line":75},"12":{"loc":{"start":{"line":78,"column":17},"end":{"line":78,"column":68}},"type":"cond-expr","locations":[{"start":{"line":78,"column":26},"end":{"line":78,"column":61}},{"start":{"line":78,"column":64},"end":{"line":78,"column":68}}],"line":78},"13":{"loc":{"start":{"line":79,"column":4},"end":{"line":80,"column":105}},"type":"if","locations":[{"start":{"line":79,"column":4},"end":{"line":80,"column":105}},{"start":{},"end":{}}],"line":79},"14":{"loc":{"start":{"line":83,"column":4},"end":{"line":86,"column":5}},"type":"if","locations":[{"start":{"line":83,"column":4},"end":{"line":86,"column":5}},{"start":{},"end":{}}],"line":83},"15":{"loc":{"start":{"line":84,"column":6},"end":{"line":84,"column":113}},"type":"if","locations":[{"start":{"line":84,"column":6},"end":{"line":84,"column":113}},{"start":{},"end":{}}],"line":84},"16":{"loc":{"start":{"line":87,"column":4},"end":{"line":87,"column":72}},"type":"if","locations":[{"start":{"line":87,"column":4},"end":{"line":87,"column":72}},{"start":{},"end":{}}],"line":87},"17":{"loc":{"start":{"line":88,"column":4},"end":{"line":96,"column":5}},"type":"if","locations":[{"start":{"line":88,"column":4},"end":{"line":96,"column":5}},{"start":{},"end":{}}],"line":88},"18":{"loc":{"start":{"line":89,"column":27},"end":{"line":89,"column":63}},"type":"cond-expr","locations":[{"start":{"line":89,"column":38},"end":{"line":89,"column":56}},{"start":{"line":89,"column":59},"end":{"line":89,"column":63}}],"line":89},"19":{"loc":{"start":{"line":92,"column":6},"end":{"line":94,"column":7}},"type":"if","locations":[{"start":{"line":92,"column":6},"end":{"line":94,"column":7}},{"start":{},"end":{}}],"line":92},"20":{"loc":{"start":{"line":92,"column":10},"end":{"line":92,"column":108}},"type":"binary-expr","locations":[{"start":{"line":92,"column":10},"end":{"line":92,"column":22}},{"start":{"line":92,"column":27},"end":{"line":92,"column":47}},{"start":{"line":92,"column":51},"end":{"line":92,"column":107}}],"line":92},"21":{"loc":{"start":{"line":109,"column":4},"end":{"line":109,"column":102}},"type":"if","locations":[{"start":{"line":109,"column":4},"end":{"line":109,"column":102}},{"start":{},"end":{}}],"line":109},"22":{"loc":{"start":{"line":112,"column":17},"end":{"line":112,"column":68}},"type":"cond-expr","locations":[{"start":{"line":112,"column":26},"end":{"line":112,"column":61}},{"start":{"line":112,"column":64},"end":{"line":112,"column":68}}],"line":112},"23":{"loc":{"start":{"line":113,"column":4},"end":{"line":114,"column":105}},"type":"if","locations":[{"start":{"line":113,"column":4},"end":{"line":114,"column":105}},{"start":{},"end":{}}],"line":113}},"s":{"0":0,"1":0,"2":0,"3":0,"4":0,"5":0,"6":0,"7":0,"8":0,"9":0,"10":0,"11":0,"12":0,"13":0,"14":0,"15":0,"16":0,"17":0,"18":0,"19":0,"20":0,"21":0,"22":0,"23":0,"24":0,"25":0,"26":0,"27":0,"28":0,"29":0,"30":0,"31":0,"32":0,"33":0,"34":0,"35":0,"36":0,"37":0,"38":0,"39":0,"40":0,"41":0,"42":0,"43":0,"44":0,"45":0,"46":0,"47":0,"48":0,"49":0,"50":0,"51":0,"52":0,"53":0,"54":0,"55":0,"56":0,"57":0,"58":0,"59":0,"60":0,"61":0,"62":0,"63":0,"64":0,"65":0,"66":0,"67":0,"68":0,"69":0,"70":0,"71":0,"72":0,"73":0,"74":0,"75":0,"76":0,"77":0,"78":0,"79":0,"80":0,"81":0,"82":0,"83":0},"f":{"0":0,"1":0,"2":0,"3":0,"4":0,"5":0,"6":0},"b":{"0":[0,0],"1":[0,0],"2":[0,0],"3":[0,0],"4":[0,0],"5":[0,0],"6":[0,0],"7":[0,0],"8":[0,0],"9":[0,0],"10":[0,0],"11":[0,0],"12":[0,0],"13":[0,0],"14":[0,0],"15":[0,0],"16":[0,0],"17":[0,0],"18":[0,0],"19":[0,0],"20":[0,0,0],"21":[0,0],"22":[0,0],"23":[0,0]}}
,"C:\\Users\\tulig\\Project-CMCord\\server\\src\\controllers\\authController.js": {"path":"C:\\Users\\tulig\\Project-CMCord\\server\\src\\controllers\\authController.js","statementMap":{"0":{"start":{"line":1,"column":12},"end":{"line":1,"column":35}},"1":{"start":{"line":2,"column":13},"end":{"line":2,"column":38}},"2":{"start":{"line":4,"column":22},"end":{"line":5,"column":63}},"3":{"start":{"line":5,"column":2},"end":{"line":5,"column":63}},"4":{"start":{"line":8,"column":17},"end":{"line":23,"column":1}},"5":{"start":{"line":9,"column":2},"end":{"line":22,"column":3}},"6":{"start":{"line":10,"column":42},"end":{"line":10,"column":50}},"7":{"start":{"line":11,"column":4},"end":{"line":12,"column":90}},"8":{"start":{"line":12,"column":6},"end":{"line":12,"column":90}},"9":{"start":{"line":14,"column":19},"end":{"line":14,"column":73}},"10":{"start":{"line":15,"column":4},"end":{"line":16,"column":98}},"11":{"start":{"line":16,"column":6},"end":{"line":16,"column":98}},"12":{"start":{"line":18,"column":17},"end":{"line":18,"column":65}},"13":{"start":{"line":19,"column":4},"end":{"line":19,"column":92}},"14":{"start":{"line":21,"column":4},"end":{"line":21,"column":67}},"15":{"start":{"line":26,"column":14},"end":{"line":37,"column":1}},"16":{"start":{"line":27,"column":2},"end":{"line":36,"column":3}},"17":{"start":{"line":28,"column":32},"end":{"line":28,"column":40}},"18":{"start":{"line":29,"column":17},"end":{"line":29,"column":66}},"19":{"start":{"line":30,"column":4},"end":{"line":31,"column":92}},"20":{"start":{"line":31,"column":6},"end":{"line":31,"column":92}},"21":{"start":{"line":33,"column":4},"end":{"line":33,"column":80}},"22":{"start":{"line":35,"column":4},"end":{"line":35,"column":67}},"23":{"start":{"line":40,"column":14},"end":{"line":42,"column":1}},"24":{"start":{"line":41,"column":2},"end":{"line":41,"column":46}},"25":{"start":{"line":44,"column":23},"end":{"line":57,"column":1}},"26":{"start":{"line":45,"column":2},"end":{"line":56,"column":3}},"27":{"start":{"line":46,"column":41},"end":{"line":46,"column":49}},"28":{"start":{"line":47,"column":17},"end":{"line":47,"column":70}},"29":{"start":{"line":48,"column":4},"end":{"line":49,"column":89}},"30":{"start":{"line":49,"column":6},"end":{"line":49,"column":89}},"31":{"start":{"line":51,"column":4},"end":{"line":51,"column":32}},"32":{"start":{"line":52,"column":4},"end":{"line":52,"column":22}},"33":{"start":{"line":53,"column":4},"end":{"line":53,"column":68}},"34":{"start":{"line":55,"column":4},"end":{"line":55,"column":67}},"35":{"start":{"line":58,"column":0},"end":{"line":58,"column":60}}},"fnMap":{"0":{"name":"(anonymous_0)","decl":{"start":{"line":4,"column":22},"end":{"line":4,"column":23}},"loc":{"start":{"line":5,"column":2},"end":{"line":5,"column":63}},"line":5},"1":{"name":"(anonymous_1)","decl":{"start":{"line":8,"column":17},"end":{"line":8,"column":18}},"loc":{"start":{"line":8,"column":37},"end":{"line":23,"column":1}},"line":8},"2":{"name":"(anonymous_2)","decl":{"start":{"line":26,"column":14},"end":{"line":26,"column":15}},"loc":{"start":{"line":26,"column":34},"end":{"line":37,"column":1}},"line":26},"3":{"name":"(anonymous_3)","decl":{"start":{"line":40,"column":14},"end":{"line":40,"column":15}},"loc":{"start":{"line":40,"column":34},"end":{"line":42,"column":1}},"line":40},"4":{"name":"(anonymous_4)","decl":{"start":{"line":44,"column":23},"end":{"line":44,"column":24}},"loc":{"start":{"line":44,"column":43},"end":{"line":57,"column":1}},"line":44}},"branchMap":{"0":{"loc":{"start":{"line":11,"column":4},"end":{"line":12,"column":90}},"type":"if","locations":[{"start":{"line":11,"column":4},"end":{"line":12,"column":90}},{"start":{},"end":{}}],"line":11},"1":{"loc":{"start":{"line":11,"column":8},"end":{"line":11,"column":40}},"type":"binary-expr","locations":[{"start":{"line":11,"column":8},"end":{"line":11,"column":17}},{"start":{"line":11,"column":21},"end":{"line":11,"column":27}},{"start":{"line":11,"column":31},"end":{"line":11,"column":40}}],"line":11},"2":{"loc":{"start":{"line":15,"column":4},"end":{"line":16,"column":98}},"type":"if","locations":[{"start":{"line":15,"column":4},"end":{"line":16,"column":98}},{"start":{},"end":{}}],"line":15},"3":{"loc":{"start":{"line":30,"column":4},"end":{"line":31,"column":92}},"type":"if","locations":[{"start":{"line":30,"column":4},"end":{"line":31,"column":92}},{"start":{},"end":{}}],"line":30},"4":{"loc":{"start":{"line":30,"column":8},"end":{"line":30,"column":56}},"type":"binary-expr","locations":[{"start":{"line":30,"column":8},"end":{"line":30,"column":13}},{"start":{"line":30,"column":17},"end":{"line":30,"column":56}}],"line":30},"5":{"loc":{"start":{"line":48,"column":4},"end":{"line":49,"column":89}},"type":"if","locations":[{"start":{"line":48,"column":4},"end":{"line":49,"column":89}},{"start":{},"end":{}}],"line":48}},"s":{"0":1,"1":1,"2":1,"3":2,"4":1,"5":4,"6":4,"7":4,"8":1,"9":3,"10":2,"11":1,"12":1,"13":1,"14":1,"15":1,"16":4,"17":4,"18":4,"19":3,"20":2,"21":1,"22":1,"23":1,"24":1,"25":1,"26":3,"27":3,"28":3,"29":2,"30":1,"31":1,"32":1,"33":1,"34":1,"35":1},"f":{"0":2,"1":4,"2":4,"3":1,"4":3},"b":{"0":[1,3],"1":[4,4,3],"2":[1,1],"3":[2,1],"4":[3,2],"5":[1,1]},"_coverageSchema":"1a1c01bbd47fc00a2c39e90264f33305004495a9","hash":"8348a1e6fe946faaee348ef4cdbb9b88c7d8ee37"}
,"C:\\Users\\tulig\\Project-CMCord\\server\\src\\controllers\\channelController.js": {"path":"C:\\Users\\tulig\\Project-CMCord\\server\\src\\controllers\\channelController.js","statementMap":{"0":{"start":{"line":1,"column":16},"end":{"line":1,"column":44}},"1":{"start":{"line":2,"column":20},"end":{"line":2,"column":47}},"2":{"start":{"line":3,"column":20},"end":{"line":3,"column":51}},"3":{"start":{"line":6,"column":20},"end":{"line":19,"column":1}},"4":{"start":{"line":7,"column":2},"end":{"line":18,"column":3}},"5":{"start":{"line":8,"column":19},"end":{"line":8,"column":66}},"6":{"start":{"line":9,"column":4},"end":{"line":9,"column":94}},"7":{"start":{"line":9,"column":17},"end":{"line":9,"column":94}},"8":{"start":{"line":11,"column":21},"end":{"line":11,"column":74}},"9":{"start":{"line":11,"column":46},"end":{"line":11,"column":73}},"10":{"start":{"line":12,"column":4},"end":{"line":12,"column":92}},"11":{"start":{"line":12,"column":19},"end":{"line":12,"column":92}},"12":{"start":{"line":14,"column":21},"end":{"line":14,"column":72}},"13":{"start":{"line":15,"column":4},"end":{"line":15,"column":48}},"14":{"start":{"line":17,"column":4},"end":{"line":17,"column":67}},"15":{"start":{"line":22,"column":22},"end":{"line":39,"column":1}},"16":{"start":{"line":23,"column":2},"end":{"line":38,"column":3}},"17":{"start":{"line":24,"column":19},"end":{"line":24,"column":66}},"18":{"start":{"line":25,"column":4},"end":{"line":25,"column":94}},"19":{"start":{"line":25,"column":17},"end":{"line":25,"column":94}},"20":{"start":{"line":27,"column":19},"end":{"line":27,"column":72}},"21":{"start":{"line":27,"column":44},"end":{"line":27,"column":71}},"22":{"start":{"line":28,"column":4},"end":{"line":29,"column":97}},"23":{"start":{"line":29,"column":6},"end":{"line":29,"column":97}},"24":{"start":{"line":31,"column":17},"end":{"line":31,"column":66}},"25":{"start":{"line":32,"column":4},"end":{"line":32,"column":100}},"26":{"start":{"line":32,"column":15},"end":{"line":32,"column":100}},"27":{"start":{"line":34,"column":20},"end":{"line":34,"column":70}},"28":{"start":{"line":35,"column":4},"end":{"line":35,"column":59}},"29":{"start":{"line":37,"column":4},"end":{"line":37,"column":67}},"30":{"start":{"line":42,"column":22},"end":{"line":65,"column":1}},"31":{"start":{"line":43,"column":2},"end":{"line":64,"column":3}},"32":{"start":{"line":44,"column":19},"end":{"line":44,"column":66}},"33":{"start":{"line":45,"column":4},"end":{"line":45,"column":94}},"34":{"start":{"line":45,"column":17},"end":{"line":45,"column":94}},"35":{"start":{"line":47,"column":19},"end":{"line":47,"column":72}},"36":{"start":{"line":47,"column":44},"end":{"line":47,"column":71}},"37":{"start":{"line":48,"column":4},"end":{"line":49,"column":97}},"38":{"start":{"line":49,"column":6},"end":{"line":49,"column":97}},"39":{"start":{"line":51,"column":17},"end":{"line":51,"column":66}},"40":{"start":{"line":52,"column":4},"end":{"line":52,"column":100}},"41":{"start":{"line":52,"column":15},"end":{"line":52,"column":100}},"42":{"start":{"line":54,"column":20},"end":{"line":58,"column":5}},"43":{"start":{"line":59,"column":4},"end":{"line":59,"column":111}},"44":{"start":{"line":59,"column":18},"end":{"line":59,"column":111}},"45":{"start":{"line":61,"column":4},"end":{"line":61,"column":47}},"46":{"start":{"line":63,"column":4},"end":{"line":63,"column":67}},"47":{"start":{"line":68,"column":22},"end":{"line":82,"column":1}},"48":{"start":{"line":69,"column":2},"end":{"line":81,"column":3}},"49":{"start":{"line":70,"column":19},"end":{"line":70,"column":66}},"50":{"start":{"line":71,"column":19},"end":{"line":71,"column":73}},"51":{"start":{"line":71,"column":45},"end":{"line":71,"column":72}},"52":{"start":{"line":72,"column":4},"end":{"line":73,"column":97}},"53":{"start":{"line":73,"column":6},"end":{"line":73,"column":97}},"54":{"start":{"line":75,"column":20},"end":{"line":75,"column":103}},"55":{"start":{"line":76,"column":4},"end":{"line":76,"column":111}},"56":{"start":{"line":76,"column":18},"end":{"line":76,"column":111}},"57":{"start":{"line":78,"column":4},"end":{"line":78,"column":60}},"58":{"start":{"line":80,"column":4},"end":{"line":80,"column":67}},"59":{"start":{"line":84,"column":0},"end":{"line":84,"column":78}}},"fnMap":{"0":{"name":"(anonymous_0)","decl":{"start":{"line":6,"column":20},"end":{"line":6,"column":21}},"loc":{"start":{"line":6,"column":40},"end":{"line":19,"column":1}},"line":6},"1":{"name":"(anonymous_1)","decl":{"start":{"line":11,"column":41},"end":{"line":11,"column":42}},"loc":{"start":{"line":11,"column":46},"end":{"line":11,"column":73}},"line":11},"2":{"name":"(anonymous_2)","decl":{"start":{"line":22,"column":22},"end":{"line":22,"column":23}},"loc":{"start":{"line":22,"column":42},"end":{"line":39,"column":1}},"line":22},"3":{"name":"(anonymous_3)","decl":{"start":{"line":27,"column":39},"end":{"line":27,"column":40}},"loc":{"start":{"line":27,"column":44},"end":{"line":27,"column":71}},"line":27},"4":{"name":"(anonymous_4)","decl":{"start":{"line":42,"column":22},"end":{"line":42,"column":23}},"loc":{"start":{"line":42,"column":42},"end":{"line":65,"column":1}},"line":42},"5":{"name":"(anonymous_5)","decl":{"start":{"line":47,"column":39},"end":{"line":47,"column":40}},"loc":{"start":{"line":47,"column":44},"end":{"line":47,"column":71}},"line":47},"6":{"name":"(anonymous_6)","decl":{"start":{"line":68,"column":22},"end":{"line":68,"column":23}},"loc":{"start":{"line":68,"column":42},"end":{"line":82,"column":1}},"line":68},"7":{"name":"(anonymous_7)","decl":{"start":{"line":71,"column":40},"end":{"line":71,"column":41}},"loc":{"start":{"line":71,"column":45},"end":{"line":71,"column":72}},"line":71}},"branchMap":{"0":{"loc":{"start":{"line":9,"column":4},"end":{"line":9,"column":94}},"type":"if","locations":[{"start":{"line":9,"column":4},"end":{"line":9,"column":94}},{"start":{},"end":{}}],"line":9},"1":{"loc":{"start":{"line":12,"column":4},"end":{"line":12,"column":92}},"type":"if","locations":[{"start":{"line":12,"column":4},"end":{"line":12,"column":92}},{"start":{},"end":{}}],"line":12},"2":{"loc":{"start":{"line":25,"column":4},"end":{"line":25,"column":94}},"type":"if","locations":[{"start":{"line":25,"column":4},"end":{"line":25,"column":94}},{"start":{},"end":{}}],"line":25},"3":{"loc":{"start":{"line":28,"column":4},"end":{"line":29,"column":97}},"type":"if","locations":[{"start":{"line":28,"column":4},"end":{"line":29,"column":97}},{"start":{},"end":{}}],"line":28},"4":{"loc":{"start":{"line":28,"column":8},"end":{"line":28,"column":60}},"type":"binary-expr","locations":[{"start":{"line":28,"column":8},"end":{"line":28,"column":15}},{"start":{"line":28,"column":19},"end":{"line":28,"column":60}}],"line":28},"5":{"loc":{"start":{"line":32,"column":4},"end":{"line":32,"column":100}},"type":"if","locations":[{"start":{"line":32,"column":4},"end":{"line":32,"column":100}},{"start":{},"end":{}}],"line":32},"6":{"loc":{"start":{"line":45,"column":4},"end":{"line":45,"column":94}},"type":"if","locations":[{"start":{"line":45,"column":4},"end":{"line":45,"column":94}},{"start":{},"end":{}}],"line":45},"7":{"loc":{"start":{"line":48,"column":4},"end":{"line":49,"column":97}},"type":"if","locations":[{"start":{"line":48,"column":4},"end":{"line":49,"column":97}},{"start":{},"end":{}}],"line":48},"8":{"loc":{"start":{"line":48,"column":8},"end":{"line":48,"column":60}},"type":"binary-expr","locations":[{"start":{"line":48,"column":8},"end":{"line":48,"column":15}},{"start":{"line":48,"column":19},"end":{"line":48,"column":60}}],"line":48},"9":{"loc":{"start":{"line":52,"column":4},"end":{"line":52,"column":100}},"type":"if","locations":[{"start":{"line":52,"column":4},"end":{"line":52,"column":100}},{"start":{},"end":{}}],"line":52},"10":{"loc":{"start":{"line":59,"column":4},"end":{"line":59,"column":111}},"type":"if","locations":[{"start":{"line":59,"column":4},"end":{"line":59,"column":111}},{"start":{},"end":{}}],"line":59},"11":{"loc":{"start":{"line":72,"column":4},"end":{"line":73,"column":97}},"type":"if","locations":[{"start":{"line":72,"column":4},"end":{"line":73,"column":97}},{"start":{},"end":{}}],"line":72},"12":{"loc":{"start":{"line":72,"column":8},"end":{"line":72,"column":60}},"type":"binary-expr","locations":[{"start":{"line":72,"column":8},"end":{"line":72,"column":15}},{"start":{"line":72,"column":19},"end":{"line":72,"column":60}}],"line":72},"13":{"loc":{"start":{"line":76,"column":4},"end":{"line":76,"column":111}},"type":"if","locations":[{"start":{"line":76,"column":4},"end":{"line":76,"column":111}},{"start":{},"end":{}}],"line":76}},"s":{"0":0,"1":0,"2":0,"3":0,"4":0,"5":0,"6":0,"7":0,"8":0,"9":0,"10":0,"11":0,"12":0,"13":0,"14":0,"15":0,"16":0,"17":0,"18":0,"19":0,"20":0,"21":0,"22":0,"23":0,"24":0,"25":0,"26":0,"27":0,"28":0,"29":0,"30":0,"31":0,"32":0,"33":0,"34":0,"35":0,"36":0,"37":0,"38":0,"39":0,"40":0,"41":0,"42":0,"43":0,"44":0,"45":0,"46":0,"47":0,"48":0,"49":0,"50":0,"51":0,"52":0,"53":0,"54":0,"55":0,"56":0,"57":0,"58":0,"59":0},"f":{"0":0,"1":0,"2":0,"3":0,"4":0,"5":0,"6":0,"7":0},"b":{"0":[0,0],"1":[0,0],"2":[0,0],"3":[0,0],"4":[0,0],"5":[0,0],"6":[0,0],"7":[0,0],"8":[0,0],"9":[0,0],"10":[0,0],"11":[0,0],"12":[0,0],"13":[0,0]}}
,"C:\\Users\\tulig\\Project-CMCord\\server\\src\\controllers\\courseController.js": {"path":"C:\\Users\\tulig\\Project-CMCord\\server\\src\\controllers\\courseController.js","statementMap":{"0":{"start":{"line":1,"column":15},"end":{"line":1,"column":42}},"1":{"start":{"line":2,"column":20},"end":{"line":2,"column":47}},"2":{"start":{"line":3,"column":15},"end":{"line":3,"column":42}},"3":{"start":{"line":4,"column":19},"end":{"line":4,"column":50}},"4":{"start":{"line":5,"column":19},"end":{"line":5,"column":50}},"5":{"start":{"line":6,"column":20},"end":{"line":6,"column":51}},"6":{"start":{"line":7,"column":46},"end":{"line":7,"column":83}},"7":{"start":{"line":10,"column":19},"end":{"line":23,"column":1}},"8":{"start":{"line":11,"column":2},"end":{"line":22,"column":3}},"9":{"start":{"line":12,"column":19},"end":{"line":12,"column":66}},"10":{"start":{"line":13,"column":4},"end":{"line":13,"column":94}},"11":{"start":{"line":13,"column":17},"end":{"line":13,"column":94}},"12":{"start":{"line":15,"column":21},"end":{"line":15,"column":76}},"13":{"start":{"line":15,"column":48},"end":{"line":15,"column":75}},"14":{"start":{"line":16,"column":4},"end":{"line":16,"column":92}},"15":{"start":{"line":16,"column":19},"end":{"line":16,"column":92}},"16":{"start":{"line":18,"column":20},"end":{"line":18,"column":105}},"17":{"start":{"line":19,"column":4},"end":{"line":19,"column":47}},"18":{"start":{"line":21,"column":4},"end":{"line":21,"column":67}},"19":{"start":{"line":27,"column":21},"end":{"line":51,"column":1}},"20":{"start":{"line":28,"column":2},"end":{"line":50,"column":3}},"21":{"start":{"line":29,"column":19},"end":{"line":29,"column":66}},"22":{"start":{"line":30,"column":4},"end":{"line":30,"column":94}},"23":{"start":{"line":30,"column":17},"end":{"line":30,"column":94}},"24":{"start":{"line":32,"column":23},"end":{"line":32,"column":52}},"25":{"start":{"line":33,"column":4},"end":{"line":34,"column":124}},"26":{"start":{"line":34,"column":6},"end":{"line":34,"column":124}},"27":{"start":{"line":36,"column":17},"end":{"line":36,"column":38}},"28":{"start":{"line":37,"column":4},"end":{"line":37,"column":100}},"29":{"start":{"line":37,"column":15},"end":{"line":37,"column":100}},"30":{"start":{"line":39,"column":19},"end":{"line":44,"column":6}},"31":{"start":{"line":45,"column":4},"end":{"line":45,"column":61}},"32":{"start":{"line":47,"column":4},"end":{"line":47,"column":58}},"33":{"start":{"line":49,"column":4},"end":{"line":49,"column":67}},"34":{"start":{"line":54,"column":18},"end":{"line":66,"column":1}},"35":{"start":{"line":55,"column":2},"end":{"line":65,"column":3}},"36":{"start":{"line":56,"column":19},"end":{"line":56,"column":99}},"37":{"start":{"line":57,"column":4},"end":{"line":57,"column":94}},"38":{"start":{"line":57,"column":17},"end":{"line":57,"column":94}},"39":{"start":{"line":59,"column":21},"end":{"line":59,"column":93}},"40":{"start":{"line":59,"column":48},"end":{"line":59,"column":92}},"41":{"start":{"line":60,"column":4},"end":{"line":60,"column":107}},"42":{"start":{"line":60,"column":19},"end":{"line":60,"column":107}},"43":{"start":{"line":62,"column":4},"end":{"line":62,"column":46}},"44":{"start":{"line":64,"column":4},"end":{"line":64,"column":67}},"45":{"start":{"line":69,"column":19},"end":{"line":85,"column":1}},"46":{"start":{"line":70,"column":2},"end":{"line":84,"column":3}},"47":{"start":{"line":71,"column":27},"end":{"line":71,"column":35}},"48":{"start":{"line":72,"column":19},"end":{"line":72,"column":55}},"49":{"start":{"line":73,"column":4},"end":{"line":73,"column":97}},"50":{"start":{"line":73,"column":17},"end":{"line":73,"column":97}},"51":{"start":{"line":75,"column":26},"end":{"line":75,"column":81}},"52":{"start":{"line":75,"column":53},"end":{"line":75,"column":80}},"53":{"start":{"line":76,"column":4},"end":{"line":76,"column":112}},"54":{"start":{"line":76,"column":23},"end":{"line":76,"column":112}},"55":{"start":{"line":78,"column":4},"end":{"line":78,"column":65}},"56":{"start":{"line":79,"column":4},"end":{"line":79,"column":24}},"57":{"start":{"line":80,"column":4},"end":{"line":80,"column":61}},"58":{"start":{"line":81,"column":4},"end":{"line":81,"column":46}},"59":{"start":{"line":83,"column":4},"end":{"line":83,"column":67}},"60":{"start":{"line":88,"column":21},"end":{"line":110,"column":1}},"61":{"start":{"line":89,"column":2},"end":{"line":109,"column":3}},"62":{"start":{"line":90,"column":19},"end":{"line":90,"column":55}},"63":{"start":{"line":91,"column":4},"end":{"line":91,"column":94}},"64":{"start":{"line":91,"column":17},"end":{"line":91,"column":94}},"65":{"start":{"line":93,"column":17},"end":{"line":93,"column":52}},"66":{"start":{"line":94,"column":4},"end":{"line":95,"column":103}},"67":{"start":{"line":95,"column":6},"end":{"line":95,"column":103}},"68":{"start":{"line":97,"column":34},"end":{"line":97,"column":42}},"69":{"start":{"line":98,"column":4},"end":{"line":101,"column":5}},"70":{"start":{"line":99,"column":6},"end":{"line":99,"column":117}},"71":{"start":{"line":99,"column":24},"end":{"line":99,"column":117}},"72":{"start":{"line":100,"column":6},"end":{"line":100,"column":32}},"73":{"start":{"line":102,"column":4},"end":{"line":102,"column":75}},"74":{"start":{"line":102,"column":35},"end":{"line":102,"column":75}},"75":{"start":{"line":104,"column":4},"end":{"line":104,"column":24}},"76":{"start":{"line":105,"column":4},"end":{"line":105,"column":61}},"77":{"start":{"line":106,"column":4},"end":{"line":106,"column":46}},"78":{"start":{"line":108,"column":4},"end":{"line":108,"column":67}},"79":{"start":{"line":113,"column":21},"end":{"line":132,"column":1}},"80":{"start":{"line":114,"column":2},"end":{"line":131,"column":3}},"81":{"start":{"line":115,"column":19},"end":{"line":115,"column":55}},"82":{"start":{"line":116,"column":4},"end":{"line":116,"column":94}},"83":{"start":{"line":116,"column":17},"end":{"line":116,"column":94}},"84":{"start":{"line":118,"column":17},"end":{"line":118,"column":52}},"85":{"start":{"line":119,"column":4},"end":{"line":120,"column":103}},"86":{"start":{"line":120,"column":6},"end":{"line":120,"column":103}},"87":{"start":{"line":122,"column":24},"end":{"line":122,"column":83}},"88":{"start":{"line":123,"column":4},"end":{"line":123,"column":88}},"89":{"start":{"line":123,"column":76},"end":{"line":123,"column":81}},"90":{"start":{"line":124,"column":4},"end":{"line":124,"column":56}},"91":{"start":{"line":125,"column":4},"end":{"line":125,"column":52}},"92":{"start":{"line":126,"column":4},"end":{"line":126,"column":29}},"93":{"start":{"line":128,"column":4},"end":{"line":128,"column":60}},"94":{"start":{"line":130,"column":4},"end":{"line":130,"column":67}},"95":{"start":{"line":135,"column":25},"end":{"line":164,"column":1}},"96":{"start":{"line":136,"column":2},"end":{"line":163,"column":3}},"97":{"start":{"line":137,"column":21},"end":{"line":137,"column":29}},"98":{"start":{"line":138,"column":4},"end":{"line":139,"column":84}},"99":{"start":{"line":139,"column":6},"end":{"line":139,"column":84}},"100":{"start":{"line":141,"column":19},"end":{"line":141,"column":55}},"101":{"start":{"line":142,"column":4},"end":{"line":142,"column":94}},"102":{"start":{"line":142,"column":17},"end":{"line":142,"column":94}},"103":{"start":{"line":144,"column":22},"end":{"line":144,"column":57}},"104":{"start":{"line":145,"column":4},"end":{"line":146,"column":100}},"105":{"start":{"line":146,"column":6},"end":{"line":146,"column":100}},"106":{"start":{"line":148,"column":19},"end":{"line":148,"column":79}},"107":{"start":{"line":148,"column":46},"end":{"line":148,"column":78}},"108":{"start":{"line":149,"column":4},"end":{"line":149,"column":102}},"109":{"start":{"line":149,"column":17},"end":{"line":149,"column":102}},"110":{"start":{"line":151,"column":4},"end":{"line":155,"column":5}},"111":{"start":{"line":152,"column":30},"end":{"line":152,"column":90}},"112":{"start":{"line":152,"column":59},"end":{"line":152,"column":82}},"113":{"start":{"line":153,"column":6},"end":{"line":154,"column":106}},"114":{"start":{"line":154,"column":8},"end":{"line":154,"column":106}},"115":{"start":{"line":157,"column":4},"end":{"line":157,"column":23}},"116":{"start":{"line":158,"column":4},"end":{"line":158,"column":24}},"117":{"start":{"line":159,"column":4},"end":{"line":159,"column":61}},"118":{"start":{"line":160,"column":4},"end":{"line":160,"column":46}},"119":{"start":{"line":162,"column":4},"end":{"line":162,"column":67}},"120":{"start":{"line":167,"column":21},"end":{"line":191,"column":1}},"121":{"start":{"line":168,"column":2},"end":{"line":190,"column":3}},"122":{"start":{"line":169,"column":19},"end":{"line":169,"column":55}},"123":{"start":{"line":170,"column":4},"end":{"line":170,"column":94}},"124":{"start":{"line":170,"column":17},"end":{"line":170,"column":94}},"125":{"start":{"line":172,"column":22},"end":{"line":172,"column":57}},"126":{"start":{"line":173,"column":4},"end":{"line":174,"column":105}},"127":{"start":{"line":174,"column":6},"end":{"line":174,"column":105}},"128":{"start":{"line":176,"column":19},"end":{"line":176,"column":79}},"129":{"start":{"line":176,"column":46},"end":{"line":176,"column":78}},"130":{"start":{"line":177,"column":4},"end":{"line":177,"column":102}},"131":{"start":{"line":177,"column":17},"end":{"line":177,"column":102}},"132":{"start":{"line":179,"column":4},"end":{"line":183,"column":5}},"133":{"start":{"line":180,"column":30},"end":{"line":180,"column":90}},"134":{"start":{"line":180,"column":59},"end":{"line":180,"column":82}},"135":{"start":{"line":181,"column":6},"end":{"line":182,"column":106}},"136":{"start":{"line":182,"column":8},"end":{"line":182,"column":106}},"137":{"start":{"line":185,"column":4},"end":{"line":185,"column":85}},"138":{"start":{"line":185,"column":50},"end":{"line":185,"column":83}},"139":{"start":{"line":186,"column":4},"end":{"line":186,"column":24}},"140":{"start":{"line":187,"column":4},"end":{"line":187,"column":76}},"141":{"start":{"line":189,"column":4},"end":{"line":189,"column":67}},"142":{"start":{"line":195,"column":21},"end":{"line":226,"column":1}},"143":{"start":{"line":196,"column":2},"end":{"line":225,"column":3}},"144":{"start":{"line":197,"column":19},"end":{"line":197,"column":99}},"145":{"start":{"line":198,"column":4},"end":{"line":198,"column":94}},"146":{"start":{"line":198,"column":17},"end":{"line":198,"column":94}},"147":{"start":{"line":200,"column":17},"end":{"line":200,"column":52}},"148":{"start":{"line":201,"column":4},"end":{"line":202,"column":107}},"149":{"start":{"line":202,"column":6},"end":{"line":202,"column":107}},"150":{"start":{"line":204,"column":24},"end":{"line":204,"column":117}},"151":{"start":{"line":205,"column":24},"end":{"line":206,"column":41}},"152":{"start":{"line":205,"column":90},"end":{"line":205,"column":95}},"153":{"start":{"line":208,"column":23},"end":{"line":208,"column":25}},"154":{"start":{"line":209,"column":4},"end":{"line":211,"column":7}},"155":{"start":{"line":210,"column":6},"end":{"line":210,"column":74}},"156":{"start":{"line":213,"column":21},"end":{"line":213,"column":71}},"157":{"start":{"line":213,"column":50},"end":{"line":213,"column":70}},"158":{"start":{"line":214,"column":17},"end":{"line":220,"column":6}},"159":{"start":{"line":215,"column":18},"end":{"line":215,"column":51}},"160":{"start":{"line":216,"column":21},"end":{"line":216,"column":82}},"161":{"start":{"line":216,"column":44},"end":{"line":216,"column":81}},"162":{"start":{"line":217,"column":21},"end":{"line":217,"column":52}},"163":{"start":{"line":217,"column":42},"end":{"line":217,"column":51}},"164":{"start":{"line":218,"column":22},"end":{"line":218,"column":98}},"165":{"start":{"line":218,"column":64},"end":{"line":218,"column":71}},"166":{"start":{"line":219,"column":6},"end":{"line":219,"column":50}},"167":{"start":{"line":222,"column":4},"end":{"line":222,"column":61}},"168":{"start":{"line":224,"column":4},"end":{"line":224,"column":67}},"169":{"start":{"line":228,"column":0},"end":{"line":232,"column":2}}},"fnMap":{"0":{"name":"(anonymous_0)","decl":{"start":{"line":10,"column":19},"end":{"line":10,"column":20}},"loc":{"start":{"line":10,"column":39},"end":{"line":23,"column":1}},"line":10},"1":{"name":"(anonymous_1)","decl":{"start":{"line":15,"column":41},"end":{"line":15,"column":42}},"loc":{"start":{"line":15,"column":48},"end":{"line":15,"column":75}},"line":15},"2":{"name":"(anonymous_2)","decl":{"start":{"line":27,"column":21},"end":{"line":27,"column":22}},"loc":{"start":{"line":27,"column":41},"end":{"line":51,"column":1}},"line":27},"3":{"name":"(anonymous_3)","decl":{"start":{"line":54,"column":18},"end":{"line":54,"column":19}},"loc":{"start":{"line":54,"column":38},"end":{"line":66,"column":1}},"line":54},"4":{"name":"(anonymous_4)","decl":{"start":{"line":59,"column":41},"end":{"line":59,"column":42}},"loc":{"start":{"line":59,"column":48},"end":{"line":59,"column":92}},"line":59},"5":{"name":"(anonymous_5)","decl":{"start":{"line":69,"column":19},"end":{"line":69,"column":20}},"loc":{"start":{"line":69,"column":39},"end":{"line":85,"column":1}},"line":69},"6":{"name":"(anonymous_6)","decl":{"start":{"line":75,"column":46},"end":{"line":75,"column":47}},"loc":{"start":{"line":75,"column":53},"end":{"line":75,"column":80}},"line":75},"7":{"name":"(anonymous_7)","decl":{"start":{"line":88,"column":21},"end":{"line":88,"column":22}},"loc":{"start":{"line":88,"column":41},"end":{"line":110,"column":1}},"line":88},"8":{"name":"(anonymous_8)","decl":{"start":{"line":113,"column":21},"end":{"line":113,"column":22}},"loc":{"start":{"line":113,"column":41},"end":{"line":132,"column":1}},"line":113},"9":{"name":"(anonymous_9)","decl":{"start":{"line":123,"column":69},"end":{"line":123,"column":70}},"loc":{"start":{"line":123,"column":76},"end":{"line":123,"column":81}},"line":123},"10":{"name":"(anonymous_10)","decl":{"start":{"line":135,"column":25},"end":{"line":135,"column":26}},"loc":{"start":{"line":135,"column":45},"end":{"line":164,"column":1}},"line":135},"11":{"name":"(anonymous_11)","decl":{"start":{"line":148,"column":39},"end":{"line":148,"column":40}},"loc":{"start":{"line":148,"column":46},"end":{"line":148,"column":78}},"line":148},"12":{"name":"(anonymous_12)","decl":{"start":{"line":152,"column":52},"end":{"line":152,"column":53}},"loc":{"start":{"line":152,"column":59},"end":{"line":152,"column":82}},"line":152},"13":{"name":"(anonymous_13)","decl":{"start":{"line":167,"column":21},"end":{"line":167,"column":22}},"loc":{"start":{"line":167,"column":41},"end":{"line":191,"column":1}},"line":167},"14":{"name":"(anonymous_14)","decl":{"start":{"line":176,"column":39},"end":{"line":176,"column":40}},"loc":{"start":{"line":176,"column":46},"end":{"line":176,"column":78}},"line":176},"15":{"name":"(anonymous_15)","decl":{"start":{"line":180,"column":52},"end":{"line":180,"column":53}},"loc":{"start":{"line":180,"column":59},"end":{"line":180,"column":82}},"line":180},"16":{"name":"(anonymous_16)","decl":{"start":{"line":185,"column":43},"end":{"line":185,"column":44}},"loc":{"start":{"line":185,"column":50},"end":{"line":185,"column":83}},"line":185},"17":{"name":"(anonymous_17)","decl":{"start":{"line":195,"column":21},"end":{"line":195,"column":22}},"loc":{"start":{"line":195,"column":41},"end":{"line":226,"column":1}},"line":195},"18":{"name":"(anonymous_18)","decl":{"start":{"line":205,"column":83},"end":{"line":205,"column":84}},"loc":{"start":{"line":205,"column":90},"end":{"line":205,"column":95}},"line":205},"19":{"name":"(anonymous_19)","decl":{"start":{"line":209,"column":24},"end":{"line":209,"column":25}},"loc":{"start":{"line":209,"column":31},"end":{"line":211,"column":5}},"line":209},"20":{"name":"(anonymous_20)","decl":{"start":{"line":213,"column":43},"end":{"line":213,"column":44}},"loc":{"start":{"line":213,"column":50},"end":{"line":213,"column":70}},"line":213},"21":{"name":"(anonymous_21)","decl":{"start":{"line":214,"column":30},"end":{"line":214,"column":31}},"loc":{"start":{"line":214,"column":37},"end":{"line":220,"column":5}},"line":214},"22":{"name":"(anonymous_22)","decl":{"start":{"line":216,"column":37},"end":{"line":216,"column":38}},"loc":{"start":{"line":216,"column":44},"end":{"line":216,"column":81}},"line":216},"23":{"name":"(anonymous_23)","decl":{"start":{"line":217,"column":35},"end":{"line":217,"column":36}},"loc":{"start":{"line":217,"column":42},"end":{"line":217,"column":51}},"line":217},"24":{"name":"(anonymous_24)","decl":{"start":{"line":218,"column":52},"end":{"line":218,"column":53}},"loc":{"start":{"line":218,"column":64},"end":{"line":218,"column":71}},"line":218}},"branchMap":{"0":{"loc":{"start":{"line":13,"column":4},"end":{"line":13,"column":94}},"type":"if","locations":[{"start":{"line":13,"column":4},"end":{"line":13,"column":94}},{"start":{},"end":{}}],"line":13},"1":{"loc":{"start":{"line":16,"column":4},"end":{"line":16,"column":92}},"type":"if","locations":[{"start":{"line":16,"column":4},"end":{"line":16,"column":92}},{"start":{},"end":{}}],"line":16},"2":{"loc":{"start":{"line":30,"column":4},"end":{"line":30,"column":94}},"type":"if","locations":[{"start":{"line":30,"column":4},"end":{"line":30,"column":94}},{"start":{},"end":{}}],"line":30},"3":{"loc":{"start":{"line":33,"column":4},"end":{"line":34,"column":124}},"type":"if","locations":[{"start":{"line":33,"column":4},"end":{"line":34,"column":124}},{"start":{},"end":{}}],"line":33},"4":{"loc":{"start":{"line":33,"column":8},"end":{"line":33,"column":77}},"type":"binary-expr","locations":[{"start":{"line":33,"column":8},"end":{"line":33,"column":19}},{"start":{"line":33,"column":24},"end":{"line":33,"column":46}},{"start":{"line":33,"column":50},"end":{"line":33,"column":76}}],"line":33},"5":{"loc":{"start":{"line":37,"column":4},"end":{"line":37,"column":100}},"type":"if","locations":[{"start":{"line":37,"column":4},"end":{"line":37,"column":100}},{"start":{},"end":{}}],"line":37},"6":{"loc":{"start":{"line":41,"column":19},"end":{"line":41,"column":53}},"type":"binary-expr","locations":[{"start":{"line":41,"column":19},"end":{"line":41,"column":47}},{"start":{"line":41,"column":51},"end":{"line":41,"column":53}}],"line":41},"7":{"loc":{"start":{"line":57,"column":4},"end":{"line":57,"column":94}},"type":"if","locations":[{"start":{"line":57,"column":4},"end":{"line":57,"column":94}},{"start":{},"end":{}}],"line":57},"8":{"loc":{"start":{"line":59,"column":49},"end":{"line":59,"column":70}},"type":"binary-expr","locations":[{"start":{"line":59,"column":49},"end":{"line":59,"column":60}},{"start":{"line":59,"column":64},"end":{"line":59,"column":70}}],"line":59},"9":{"loc":{"start":{"line":60,"column":4},"end":{"line":60,"column":107}},"type":"if","locations":[{"start":{"line":60,"column":4},"end":{"line":60,"column":107}},{"start":{},"end":{}}],"line":60},"10":{"loc":{"start":{"line":73,"column":4},"end":{"line":73,"column":97}},"type":"if","locations":[{"start":{"line":73,"column":4},"end":{"line":73,"column":97}},{"start":{},"end":{}}],"line":73},"11":{"loc":{"start":{"line":76,"column":4},"end":{"line":76,"column":112}},"type":"if","locations":[{"start":{"line":76,"column":4},"end":{"line":76,"column":112}},{"start":{},"end":{}}],"line":76},"12":{"loc":{"start":{"line":91,"column":4},"end":{"line":91,"column":94}},"type":"if","locations":[{"start":{"line":91,"column":4},"end":{"line":91,"column":94}},{"start":{},"end":{}}],"line":91},"13":{"loc":{"start":{"line":94,"column":4},"end":{"line":95,"column":103}},"type":"if","locations":[{"start":{"line":94,"column":4},"end":{"line":95,"column":103}},{"start":{},"end":{}}],"line":94},"14":{"loc":{"start":{"line":98,"column":4},"end":{"line":101,"column":5}},"type":"if","locations":[{"start":{"line":98,"column":4},"end":{"line":101,"column":5}},{"start":{},"end":{}}],"line":98},"15":{"loc":{"start":{"line":99,"column":6},"end":{"line":99,"column":117}},"type":"if","locations":[{"start":{"line":99,"column":6},"end":{"line":99,"column":117}},{"start":{},"end":{}}],"line":99},"16":{"loc":{"start":{"line":102,"column":4},"end":{"line":102,"column":75}},"type":"if","locations":[{"start":{"line":102,"column":4},"end":{"line":102,"column":75}},{"start":{},"end":{}}],"line":102},"17":{"loc":{"start":{"line":116,"column":4},"end":{"line":116,"column":94}},"type":"if","locations":[{"start":{"line":116,"column":4},"end":{"line":116,"column":94}},{"start":{},"end":{}}],"line":116},"18":{"loc":{"start":{"line":119,"column":4},"end":{"line":120,"column":103}},"type":"if","locations":[{"start":{"line":119,"column":4},"end":{"line":120,"column":103}},{"start":{},"end":{}}],"line":119},"19":{"loc":{"start":{"line":138,"column":4},"end":{"line":139,"column":84}},"type":"if","locations":[{"start":{"line":138,"column":4},"end":{"line":139,"column":84}},{"start":{},"end":{}}],"line":138},"20":{"loc":{"start":{"line":142,"column":4},"end":{"line":142,"column":94}},"type":"if","locations":[{"start":{"line":142,"column":4},"end":{"line":142,"column":94}},{"start":{},"end":{}}],"line":142},"21":{"loc":{"start":{"line":145,"column":4},"end":{"line":146,"column":100}},"type":"if","locations":[{"start":{"line":145,"column":4},"end":{"line":146,"column":100}},{"start":{},"end":{}}],"line":145},"22":{"loc":{"start":{"line":149,"column":4},"end":{"line":149,"column":102}},"type":"if","locations":[{"start":{"line":149,"column":4},"end":{"line":149,"column":102}},{"start":{},"end":{}}],"line":149},"23":{"loc":{"start":{"line":151,"column":4},"end":{"line":155,"column":5}},"type":"if","locations":[{"start":{"line":151,"column":4},"end":{"line":155,"column":5}},{"start":{},"end":{}}],"line":151},"24":{"loc":{"start":{"line":151,"column":8},"end":{"line":151,"column":61}},"type":"binary-expr","locations":[{"start":{"line":151,"column":8},"end":{"line":151,"column":36}},{"start":{"line":151,"column":40},"end":{"line":151,"column":61}}],"line":151},"25":{"loc":{"start":{"line":153,"column":6},"end":{"line":154,"column":106}},"type":"if","locations":[{"start":{"line":153,"column":6},"end":{"line":154,"column":106}},{"start":{},"end":{}}],"line":153},"26":{"loc":{"start":{"line":170,"column":4},"end":{"line":170,"column":94}},"type":"if","locations":[{"start":{"line":170,"column":4},"end":{"line":170,"column":94}},{"start":{},"end":{}}],"line":170},"27":{"loc":{"start":{"line":173,"column":4},"end":{"line":174,"column":105}},"type":"if","locations":[{"start":{"line":173,"column":4},"end":{"line":174,"column":105}},{"start":{},"end":{}}],"line":173},"28":{"loc":{"start":{"line":177,"column":4},"end":{"line":177,"column":102}},"type":"if","locations":[{"start":{"line":177,"column":4},"end":{"line":177,"column":102}},{"start":{},"end":{}}],"line":177},"29":{"loc":{"start":{"line":179,"column":4},"end":{"line":183,"column":5}},"type":"if","locations":[{"start":{"line":179,"column":4},"end":{"line":183,"column":5}},{"start":{},"end":{}}],"line":179},"30":{"loc":{"start":{"line":181,"column":6},"end":{"line":182,"column":106}},"type":"if","locations":[{"start":{"line":181,"column":6},"end":{"line":182,"column":106}},{"start":{},"end":{}}],"line":181},"31":{"loc":{"start":{"line":198,"column":4},"end":{"line":198,"column":94}},"type":"if","locations":[{"start":{"line":198,"column":4},"end":{"line":198,"column":94}},{"start":{},"end":{}}],"line":198},"32":{"loc":{"start":{"line":201,"column":4},"end":{"line":202,"column":107}},"type":"if","locations":[{"start":{"line":201,"column":4},"end":{"line":202,"column":107}},{"start":{},"end":{}}],"line":201},"33":{"loc":{"start":{"line":210,"column":51},"end":{"line":210,"column":73}},"type":"binary-expr","locations":[{"start":{"line":210,"column":51},"end":{"line":210,"column":65}},{"start":{"line":210,"column":69},"end":{"line":210,"column":73}}],"line":210},"34":{"loc":{"start":{"line":215,"column":19},"end":{"line":215,"column":39}},"type":"binary-expr","locations":[{"start":{"line":215,"column":19},"end":{"line":215,"column":29}},{"start":{"line":215,"column":33},"end":{"line":215,"column":39}}],"line":215},"35":{"loc":{"start":{"line":216,"column":44},"end":{"line":216,"column":81}},"type":"binary-expr","locations":[{"start":{"line":216,"column":44},"end":{"line":216,"column":73}},{"start":{"line":216,"column":77},"end":{"line":216,"column":81}}],"line":216},"36":{"loc":{"start":{"line":218,"column":22},"end":{"line":218,"column":98}},"type":"cond-expr","locations":[{"start":{"line":218,"column":38},"end":{"line":218,"column":91}},{"start":{"line":218,"column":94},"end":{"line":218,"column":98}}],"line":218}},"s":{"0":0,"1":0,"2":0,"3":0,"4":0,"5":0,"6":0,"7":0,"8":0,"9":0,"10":0,"11":0,"12":0,"13":0,"14":0,"15":0,"16":0,"17":0,"18":0,"19":0,"20":0,"21":0,"22":0,"23":0,"24":0,"25":0,"26":0,"27":0,"28":0,"29":0,"30":0,"31":0,"32":0,"33":0,"34":0,"35":0,"36":0,"37":0,"38":0,"39":0,"40":0,"41":0,"42":0,"43":0,"44":0,"45":0,"46":0,"47":0,"48":0,"49":0,"50":0,"51":0,"52":0,"53":0,"54":0,"55":0,"56":0,"57":0,"58":0,"59":0,"60":0,"61":0,"62":0,"63":0,"64":0,"65":0,"66":0,"67":0,"68":0,"69":0,"70":0,"71":0,"72":0,"73":0,"74":0,"75":0,"76":0,"77":0,"78":0,"79":0,"80":0,"81":0,"82":0,"83":0,"84":0,"85":0,"86":0,"87":0,"88":0,"89":0,"90":0,"91":0,"92":0,"93":0,"94":0,"95":0,"96":0,"97":0,"98":0,"99":0,"100":0,"101":0,"102":0,"103":0,"104":0,"105":0,"106":0,"107":0,"108":0,"109":0,"110":0,"111":0,"112":0,"113":0,"114":0,"115":0,"116":0,"117":0,"118":0,"119":0,"120":0,"121":0,"122":0,"123":0,"124":0,"125":0,"126":0,"127":0,"128":0,"129":0,"130":0,"131":0,"132":0,"133":0,"134":0,"135":0,"136":0,"137":0,"138":0,"139":0,"140":0,"141":0,"142":0,"143":0,"144":0,"145":0,"146":0,"147":0,"148":0,"149":0,"150":0,"151":0,"152":0,"153":0,"154":0,"155":0,"156":0,"157":0,"158":0,"159":0,"160":0,"161":0,"162":0,"163":0,"164":0,"165":0,"166":0,"167":0,"168":0,"169":0},"f":{"0":0,"1":0,"2":0,"3":0,"4":0,"5":0,"6":0,"7":0,"8":0,"9":0,"10":0,"11":0,"12":0,"13":0,"14":0,"15":0,"16":0,"17":0,"18":0,"19":0,"20":0,"21":0,"22":0,"23":0,"24":0},"b":{"0":[0,0],"1":[0,0],"2":[0,0],"3":[0,0],"4":[0,0,0],"5":[0,0],"6":[0,0],"7":[0,0],"8":[0,0],"9":[0,0],"10":[0,0],"11":[0,0],"12":[0,0],"13":[0,0],"14":[0,0],"15":[0,0],"16":[0,0],"17":[0,0],"18":[0,0],"19":[0,0],"20":[0,0],"21":[0,0],"22":[0,0],"23":[0,0],"24":[0,0],"25":[0,0],"26":[0,0],"27":[0,0],"28":[0,0],"29":[0,0],"30":[0,0],"31":[0,0],"32":[0,0],"33":[0,0],"34":[0,0],"35":[0,0],"36":[0,0]}}
,"C:\\Users\\tulig\\Project-CMCord\\server\\src\\controllers\\dmController.js": {"path":"C:\\Users\\tulig\\Project-CMCord\\server\\src\\controllers\\dmController.js","statementMap":{"0":{"start":{"line":1,"column":21},"end":{"line":1,"column":54}},"1":{"start":{"line":2,"column":22},"end":{"line":2,"column":56}},"2":{"start":{"line":3,"column":20},"end":{"line":3,"column":47}},"3":{"start":{"line":4,"column":13},"end":{"line":4,"column":38}},"4":{"start":{"line":5,"column":19},"end":{"line":5,"column":50}},"5":{"start":{"line":6,"column":31},"end":{"line":6,"column":58}},"6":{"start":{"line":7,"column":23},"end":{"line":7,"column":52}},"7":{"start":{"line":12,"column":20},"end":{"line":17,"column":1}},"8":{"start":{"line":13,"column":16},"end":{"line":15,"column":4}},"9":{"start":{"line":16,"column":2},"end":{"line":16,"column":19}},"10":{"start":{"line":20,"column":20},"end":{"line":52,"column":1}},"11":{"start":{"line":21,"column":2},"end":{"line":51,"column":3}},"12":{"start":{"line":22,"column":20},"end":{"line":24,"column":57}},"13":{"start":{"line":26,"column":17},"end":{"line":26,"column":26}},"14":{"start":{"line":27,"column":4},"end":{"line":34,"column":7}},"15":{"start":{"line":28,"column":6},"end":{"line":33,"column":9}},"16":{"start":{"line":29,"column":18},"end":{"line":29,"column":24}},"17":{"start":{"line":30,"column":8},"end":{"line":32,"column":9}},"18":{"start":{"line":31,"column":10},"end":{"line":31,"column":111}},"19":{"start":{"line":36,"column":24},"end":{"line":39,"column":64}},"20":{"start":{"line":41,"column":4},"end":{"line":46,"column":7}},"21":{"start":{"line":42,"column":20},"end":{"line":42,"column":84}},"22":{"start":{"line":43,"column":6},"end":{"line":45,"column":7}},"23":{"start":{"line":44,"column":8},"end":{"line":44,"column":129}},"24":{"start":{"line":48,"column":4},"end":{"line":48,"column":65}},"25":{"start":{"line":50,"column":4},"end":{"line":50,"column":67}},"26":{"start":{"line":55,"column":25},"end":{"line":72,"column":1}},"27":{"start":{"line":56,"column":2},"end":{"line":71,"column":3}},"28":{"start":{"line":57,"column":26},"end":{"line":59,"column":34}},"29":{"start":{"line":61,"column":28},"end":{"line":66,"column":5}},"30":{"start":{"line":63,"column":28},"end":{"line":63,"column":104}},"31":{"start":{"line":64,"column":8},"end":{"line":64,"column":48}},"32":{"start":{"line":68,"column":4},"end":{"line":68,"column":55}},"33":{"start":{"line":70,"column":4},"end":{"line":70,"column":67}},"34":{"start":{"line":75,"column":32},"end":{"line":102,"column":1}},"35":{"start":{"line":76,"column":2},"end":{"line":101,"column":3}},"36":{"start":{"line":77,"column":23},"end":{"line":77,"column":31}},"37":{"start":{"line":78,"column":4},"end":{"line":78,"column":90}},"38":{"start":{"line":78,"column":17},"end":{"line":78,"column":90}},"39":{"start":{"line":79,"column":4},"end":{"line":80,"column":103}},"40":{"start":{"line":80,"column":6},"end":{"line":80,"column":103}},"41":{"start":{"line":82,"column":23},"end":{"line":82,"column":83}},"42":{"start":{"line":83,"column":4},"end":{"line":83,"column":106}},"43":{"start":{"line":83,"column":21},"end":{"line":83,"column":106}},"44":{"start":{"line":85,"column":18},"end":{"line":85,"column":103}},"45":{"start":{"line":86,"column":4},"end":{"line":87,"column":138}},"46":{"start":{"line":87,"column":6},"end":{"line":87,"column":138}},"47":{"start":{"line":89,"column":23},"end":{"line":91,"column":57}},"48":{"start":{"line":93,"column":4},"end":{"line":96,"column":5}},"49":{"start":{"line":94,"column":6},"end":{"line":94,"column":89}},"50":{"start":{"line":95,"column":6},"end":{"line":95,"column":76}},"51":{"start":{"line":98,"column":4},"end":{"line":98,"column":52}},"52":{"start":{"line":100,"column":4},"end":{"line":100,"column":67}},"53":{"start":{"line":105,"column":20},"end":{"line":123,"column":1}},"54":{"start":{"line":106,"column":2},"end":{"line":122,"column":3}},"55":{"start":{"line":107,"column":25},"end":{"line":107,"column":79}},"56":{"start":{"line":108,"column":4},"end":{"line":108,"column":106}},"57":{"start":{"line":108,"column":23},"end":{"line":108,"column":106}},"58":{"start":{"line":109,"column":4},"end":{"line":110,"column":84}},"59":{"start":{"line":109,"column":47},"end":{"line":109,"column":69}},"60":{"start":{"line":110,"column":6},"end":{"line":110,"column":84}},"61":{"start":{"line":112,"column":37},"end":{"line":112,"column":46}},"62":{"start":{"line":113,"column":21},"end":{"line":117,"column":27}},"63":{"start":{"line":119,"column":4},"end":{"line":119,"column":58}},"64":{"start":{"line":121,"column":4},"end":{"line":121,"column":67}},"65":{"start":{"line":126,"column":20},"end":{"line":157,"column":1}},"66":{"start":{"line":127,"column":2},"end":{"line":156,"column":3}},"67":{"start":{"line":128,"column":25},"end":{"line":128,"column":79}},"68":{"start":{"line":129,"column":4},"end":{"line":129,"column":106}},"69":{"start":{"line":129,"column":23},"end":{"line":129,"column":106}},"70":{"start":{"line":130,"column":4},"end":{"line":131,"column":84}},"71":{"start":{"line":130,"column":47},"end":{"line":130,"column":69}},"72":{"start":{"line":131,"column":6},"end":{"line":131,"column":84}},"73":{"start":{"line":133,"column":24},"end":{"line":133,"column":32}},"74":{"start":{"line":134,"column":21},"end":{"line":134,"column":49}},"75":{"start":{"line":135,"column":21},"end":{"line":135,"column":56}},"76":{"start":{"line":136,"column":21},"end":{"line":136,"column":60}},"77":{"start":{"line":138,"column":4},"end":{"line":139,"column":90}},"78":{"start":{"line":139,"column":6},"end":{"line":139,"column":90}},"79":{"start":{"line":141,"column":20},"end":{"line":146,"column":6}},"80":{"start":{"line":147,"column":4},"end":{"line":147,"column":56}},"81":{"start":{"line":149,"column":4},"end":{"line":149,"column":51}},"82":{"start":{"line":150,"column":4},"end":{"line":150,"column":30}},"83":{"start":{"line":152,"column":4},"end":{"line":152,"column":76}},"84":{"start":{"line":153,"column":4},"end":{"line":153,"column":59}},"85":{"start":{"line":155,"column":4},"end":{"line":155,"column":67}},"86":{"start":{"line":160,"column":22},"end":{"line":180,"column":1}},"87":{"start":{"line":161,"column":2},"end":{"line":179,"column":3}},"88":{"start":{"line":162,"column":20},"end":{"line":162,"column":63}},"89":{"start":{"line":163,"column":4},"end":{"line":163,"column":96}},"90":{"start":{"line":163,"column":18},"end":{"line":163,"column":96}},"91":{"start":{"line":164,"column":4},"end":{"line":165,"column":103}},"92":{"start":{"line":165,"column":6},"end":{"line":165,"column":103}},"93":{"start":{"line":167,"column":20},"end":{"line":167,"column":44}},"94":{"start":{"line":168,"column":4},"end":{"line":168,"column":107}},"95":{"start":{"line":168,"column":18},"end":{"line":168,"column":107}},"96":{"start":{"line":170,"column":4},"end":{"line":170,"column":30}},"97":{"start":{"line":171,"column":4},"end":{"line":171,"column":28}},"98":{"start":{"line":172,"column":4},"end":{"line":172,"column":25}},"99":{"start":{"line":173,"column":4},"end":{"line":173,"column":56}},"100":{"start":{"line":175,"column":4},"end":{"line":175,"column":83}},"101":{"start":{"line":176,"column":4},"end":{"line":176,"column":47}},"102":{"start":{"line":178,"column":4},"end":{"line":178,"column":67}},"103":{"start":{"line":183,"column":22},"end":{"line":199,"column":1}},"104":{"start":{"line":184,"column":2},"end":{"line":198,"column":3}},"105":{"start":{"line":185,"column":20},"end":{"line":185,"column":63}},"106":{"start":{"line":186,"column":4},"end":{"line":186,"column":96}},"107":{"start":{"line":186,"column":18},"end":{"line":186,"column":96}},"108":{"start":{"line":187,"column":4},"end":{"line":188,"column":103}},"109":{"start":{"line":188,"column":6},"end":{"line":188,"column":103}},"110":{"start":{"line":190,"column":4},"end":{"line":190,"column":30}},"111":{"start":{"line":191,"column":4},"end":{"line":194,"column":7}},"112":{"start":{"line":195,"column":4},"end":{"line":195,"column":60}},"113":{"start":{"line":197,"column":4},"end":{"line":197,"column":67}},"114":{"start":{"line":202,"column":23},"end":{"line":226,"column":1}},"115":{"start":{"line":203,"column":2},"end":{"line":225,"column":3}},"116":{"start":{"line":204,"column":22},"end":{"line":204,"column":30}},"117":{"start":{"line":205,"column":20},"end":{"line":205,"column":63}},"118":{"start":{"line":206,"column":4},"end":{"line":206,"column":96}},"119":{"start":{"line":206,"column":18},"end":{"line":206,"column":96}},"120":{"start":{"line":208,"column":16},"end":{"line":208,"column":64}},"121":{"start":{"line":208,"column":46},"end":{"line":208,"column":63}},"122":{"start":{"line":209,"column":4},"end":{"line":216,"column":5}},"123":{"start":{"line":210,"column":6},"end":{"line":210,"column":47}},"124":{"start":{"line":211,"column":6},"end":{"line":211,"column":36}},"125":{"start":{"line":212,"column":11},"end":{"line":216,"column":5}},"126":{"start":{"line":212,"column":39},"end":{"line":212,"column":61}},"127":{"start":{"line":213,"column":6},"end":{"line":213,"column":71}},"128":{"start":{"line":213,"column":46},"end":{"line":213,"column":69}},"129":{"start":{"line":215,"column":6},"end":{"line":215,"column":37}},"130":{"start":{"line":217,"column":4},"end":{"line":217,"column":76}},"131":{"start":{"line":217,"column":56},"end":{"line":217,"column":74}},"132":{"start":{"line":219,"column":4},"end":{"line":219,"column":25}},"133":{"start":{"line":220,"column":4},"end":{"line":220,"column":56}},"134":{"start":{"line":221,"column":4},"end":{"line":221,"column":84}},"135":{"start":{"line":222,"column":4},"end":{"line":222,"column":47}},"136":{"start":{"line":224,"column":4},"end":{"line":224,"column":67}},"137":{"start":{"line":228,"column":0},"end":{"line":232,"column":2}}},"fnMap":{"0":{"name":"(anonymous_0)","decl":{"start":{"line":12,"column":20},"end":{"line":12,"column":21}},"loc":{"start":{"line":12,"column":48},"end":{"line":17,"column":1}},"line":12},"1":{"name":"(anonymous_1)","decl":{"start":{"line":20,"column":20},"end":{"line":20,"column":21}},"loc":{"start":{"line":20,"column":40},"end":{"line":52,"column":1}},"line":20},"2":{"name":"(anonymous_2)","decl":{"start":{"line":27,"column":20},"end":{"line":27,"column":21}},"loc":{"start":{"line":27,"column":29},"end":{"line":34,"column":5}},"line":27},"3":{"name":"(anonymous_3)","decl":{"start":{"line":28,"column":26},"end":{"line":28,"column":27}},"loc":{"start":{"line":28,"column":33},"end":{"line":33,"column":7}},"line":28},"4":{"name":"(anonymous_4)","decl":{"start":{"line":41,"column":24},"end":{"line":41,"column":25}},"loc":{"start":{"line":41,"column":31},"end":{"line":46,"column":5}},"line":41},"5":{"name":"(anonymous_5)","decl":{"start":{"line":55,"column":25},"end":{"line":55,"column":26}},"loc":{"start":{"line":55,"column":45},"end":{"line":72,"column":1}},"line":55},"6":{"name":"(anonymous_6)","decl":{"start":{"line":62,"column":24},"end":{"line":62,"column":25}},"loc":{"start":{"line":62,"column":37},"end":{"line":65,"column":7}},"line":62},"7":{"name":"(anonymous_7)","decl":{"start":{"line":75,"column":32},"end":{"line":75,"column":33}},"loc":{"start":{"line":75,"column":52},"end":{"line":102,"column":1}},"line":75},"8":{"name":"(anonymous_8)","decl":{"start":{"line":105,"column":20},"end":{"line":105,"column":21}},"loc":{"start":{"line":105,"column":40},"end":{"line":123,"column":1}},"line":105},"9":{"name":"(anonymous_9)","decl":{"start":{"line":109,"column":40},"end":{"line":109,"column":41}},"loc":{"start":{"line":109,"column":47},"end":{"line":109,"column":69}},"line":109},"10":{"name":"(anonymous_10)","decl":{"start":{"line":126,"column":20},"end":{"line":126,"column":21}},"loc":{"start":{"line":126,"column":40},"end":{"line":157,"column":1}},"line":126},"11":{"name":"(anonymous_11)","decl":{"start":{"line":130,"column":40},"end":{"line":130,"column":41}},"loc":{"start":{"line":130,"column":47},"end":{"line":130,"column":69}},"line":130},"12":{"name":"(anonymous_12)","decl":{"start":{"line":160,"column":22},"end":{"line":160,"column":23}},"loc":{"start":{"line":160,"column":42},"end":{"line":180,"column":1}},"line":160},"13":{"name":"(anonymous_13)","decl":{"start":{"line":183,"column":22},"end":{"line":183,"column":23}},"loc":{"start":{"line":183,"column":42},"end":{"line":199,"column":1}},"line":183},"14":{"name":"(anonymous_14)","decl":{"start":{"line":202,"column":23},"end":{"line":202,"column":24}},"loc":{"start":{"line":202,"column":43},"end":{"line":226,"column":1}},"line":202},"15":{"name":"(anonymous_15)","decl":{"start":{"line":208,"column":39},"end":{"line":208,"column":40}},"loc":{"start":{"line":208,"column":46},"end":{"line":208,"column":63}},"line":208},"16":{"name":"(anonymous_16)","decl":{"start":{"line":212,"column":32},"end":{"line":212,"column":33}},"loc":{"start":{"line":212,"column":39},"end":{"line":212,"column":61}},"line":212},"17":{"name":"(anonymous_17)","decl":{"start":{"line":213,"column":39},"end":{"line":213,"column":40}},"loc":{"start":{"line":213,"column":46},"end":{"line":213,"column":69}},"line":213},"18":{"name":"(anonymous_18)","decl":{"start":{"line":217,"column":49},"end":{"line":217,"column":50}},"loc":{"start":{"line":217,"column":56},"end":{"line":217,"column":74}},"line":217}},"branchMap":{"0":{"loc":{"start":{"line":30,"column":8},"end":{"line":32,"column":9}},"type":"if","locations":[{"start":{"line":30,"column":8},"end":{"line":32,"column":9}},{"start":{},"end":{}}],"line":30},"1":{"loc":{"start":{"line":30,"column":12},"end":{"line":30,"column":75}},"type":"binary-expr","locations":[{"start":{"line":30,"column":12},"end":{"line":30,"column":13}},{"start":{"line":30,"column":17},"end":{"line":30,"column":44}},{"start":{"line":30,"column":48},"end":{"line":30,"column":75}}],"line":30},"2":{"loc":{"start":{"line":42,"column":20},"end":{"line":42,"column":84}},"type":"cond-expr","locations":[{"start":{"line":42,"column":59},"end":{"line":42,"column":70}},{"start":{"line":42,"column":73},"end":{"line":42,"column":84}}],"line":42},"3":{"loc":{"start":{"line":43,"column":6},"end":{"line":45,"column":7}},"type":"if","locations":[{"start":{"line":43,"column":6},"end":{"line":45,"column":7}},{"start":{},"end":{}}],"line":43},"4":{"loc":{"start":{"line":78,"column":4},"end":{"line":78,"column":90}},"type":"if","locations":[{"start":{"line":78,"column":4},"end":{"line":78,"column":90}},{"start":{},"end":{}}],"line":78},"5":{"loc":{"start":{"line":79,"column":4},"end":{"line":80,"column":103}},"type":"if","locations":[{"start":{"line":79,"column":4},"end":{"line":80,"column":103}},{"start":{},"end":{}}],"line":79},"6":{"loc":{"start":{"line":83,"column":4},"end":{"line":83,"column":106}},"type":"if","locations":[{"start":{"line":83,"column":4},"end":{"line":83,"column":106}},{"start":{},"end":{}}],"line":83},"7":{"loc":{"start":{"line":85,"column":18},"end":{"line":85,"column":103}},"type":"binary-expr","locations":[{"start":{"line":85,"column":19},"end":{"line":85,"column":58}},{"start":{"line":85,"column":64},"end":{"line":85,"column":102}}],"line":85},"8":{"loc":{"start":{"line":86,"column":4},"end":{"line":87,"column":138}},"type":"if","locations":[{"start":{"line":86,"column":4},"end":{"line":87,"column":138}},{"start":{},"end":{}}],"line":86},"9":{"loc":{"start":{"line":93,"column":4},"end":{"line":96,"column":5}},"type":"if","locations":[{"start":{"line":93,"column":4},"end":{"line":96,"column":5}},{"start":{},"end":{}}],"line":93},"10":{"loc":{"start":{"line":108,"column":4},"end":{"line":108,"column":106}},"type":"if","locations":[{"start":{"line":108,"column":4},"end":{"line":108,"column":106}},{"start":{},"end":{}}],"line":108},"11":{"loc":{"start":{"line":109,"column":4},"end":{"line":110,"column":84}},"type":"if","locations":[{"start":{"line":109,"column":4},"end":{"line":110,"column":84}},{"start":{},"end":{}}],"line":109},"12":{"loc":{"start":{"line":112,"column":12},"end":{"line":112,"column":20}},"type":"default-arg","locations":[{"start":{"line":112,"column":19},"end":{"line":112,"column":20}}],"line":112},"13":{"loc":{"start":{"line":112,"column":22},"end":{"line":112,"column":32}},"type":"default-arg","locations":[{"start":{"line":112,"column":30},"end":{"line":112,"column":32}}],"line":112},"14":{"loc":{"start":{"line":129,"column":4},"end":{"line":129,"column":106}},"type":"if","locations":[{"start":{"line":129,"column":4},"end":{"line":129,"column":106}},{"start":{},"end":{}}],"line":129},"15":{"loc":{"start":{"line":130,"column":4},"end":{"line":131,"column":84}},"type":"if","locations":[{"start":{"line":130,"column":4},"end":{"line":131,"column":84}},{"start":{},"end":{}}],"line":130},"16":{"loc":{"start":{"line":135,"column":21},"end":{"line":135,"column":56}},"type":"cond-expr","locations":[{"start":{"line":135,"column":32},"end":{"line":135,"column":49}},{"start":{"line":135,"column":52},"end":{"line":135,"column":56}}],"line":135},"17":{"loc":{"start":{"line":136,"column":21},"end":{"line":136,"column":60}},"type":"cond-expr","locations":[{"start":{"line":136,"column":32},"end":{"line":136,"column":53}},{"start":{"line":136,"column":56},"end":{"line":136,"column":60}}],"line":136},"18":{"loc":{"start":{"line":138,"column":4},"end":{"line":139,"column":90}},"type":"if","locations":[{"start":{"line":138,"column":4},"end":{"line":139,"column":90}},{"start":{},"end":{}}],"line":138},"19":{"loc":{"start":{"line":138,"column":8},"end":{"line":138,"column":28}},"type":"binary-expr","locations":[{"start":{"line":138,"column":8},"end":{"line":138,"column":16}},{"start":{"line":138,"column":20},"end":{"line":138,"column":28}}],"line":138},"20":{"loc":{"start":{"line":142,"column":15},"end":{"line":142,"column":28}},"type":"binary-expr","locations":[{"start":{"line":142,"column":15},"end":{"line":142,"column":22}},{"start":{"line":142,"column":26},"end":{"line":142,"column":28}}],"line":142},"21":{"loc":{"start":{"line":163,"column":4},"end":{"line":163,"column":96}},"type":"if","locations":[{"start":{"line":163,"column":4},"end":{"line":163,"column":96}},{"start":{},"end":{}}],"line":163},"22":{"loc":{"start":{"line":164,"column":4},"end":{"line":165,"column":103}},"type":"if","locations":[{"start":{"line":164,"column":4},"end":{"line":165,"column":103}},{"start":{},"end":{}}],"line":164},"23":{"loc":{"start":{"line":168,"column":4},"end":{"line":168,"column":107}},"type":"if","locations":[{"start":{"line":168,"column":4},"end":{"line":168,"column":107}},{"start":{},"end":{}}],"line":168},"24":{"loc
[...]
,"C:\\Users\\tulig\\Project-CMCord\\server\\src\\routes\\userRoutes.js": {"path":"C:\\Users\\tulig\\Project-CMCord\\server\\src\\routes\\userRoutes.js","statementMap":{"0":{"start":{"line":1,"column":16},"end":{"line":1,"column":34}},"1":{"start":{"line":2,"column":53},"end":{"line":2,"column":93}},"2":{"start":{"line":3,"column":20},"end":{"line":3,"column":59}},"3":{"start":{"line":4,"column":15},"end":{"line":4,"column":56}},"4":{"start":{"line":6,"column":15},"end":{"line":6,"column":31}},"5":{"start":{"line":8,"column":0},"end":{"line":8,"column":50}},"6":{"start":{"line":9,"column":0},"end":{"line":9,"column":48}},"7":{"start":{"line":10,"column":0},"end":{"line":10,"column":74}},"8":{"start":{"line":12,"column":0},"end":{"line":12,"column":24}}},"fnMap":{},"branchMap":{},"s":{"0":0,"1":0,"2":0,"3":0,"4":0,"5":0,"6":0,"7":0,"8":0},"f":{},"b":{}}
,"C:\\Users\\tulig\\Project-CMCord\\server\\src\\socket\\socketHandler.js": {"path":"C:\\Users\\tulig\\Project-CMCord\\server\\src\\socket\\socketHandler.js","statementMap":{"0":{"start":{"line":1,"column":19},"end":{"line":1,"column":39}},"1":{"start":{"line":2,"column":12},"end":{"line":2,"column":35}},"2":{"start":{"line":3,"column":13},"end":{"line":3,"column":38}},"3":{"start":{"line":4,"column":16},"end":{"line":4,"column":44}},"4":{"start":{"line":5,"column":21},"end":{"line":5,"column":54}},"5":{"start":{"line":6,"column":22},"end":{"line":6,"column":56}},"6":{"start":{"line":8,"column":19},"end":{"line":131,"column":1}},"7":{"start":{"line":9,"column":13},"end":{"line":13,"column":4}},"8":{"start":{"line":16,"column":2},"end":{"line":26,"column":5}},"9":{"start":{"line":17,"column":4},"end":{"line":25,"column":5}},"10":{"start":{"line":18,"column":20},"end":{"line":18,"column":47}},"11":{"start":{"line":19,"column":6},"end":{"line":19,"column":65}},"12":{"start":{"line":19,"column":18},"end":{"line":19,"column":65}},"13":{"start":{"line":20,"column":22},"end":{"line":20,"column":63}},"14":{"start":{"line":21,"column":6},"end":{"line":21,"column":72}},"15":{"start":{"line":22,"column":6},"end":{"line":22,"column":13}},"16":{"start":{"line":24,"column":6},"end":{"line":24,"column":46}},"17":{"start":{"line":28,"column":2},"end":{"line":128,"column":5}},"18":{"start":{"line":29,"column":4},"end":{"line":29,"column":74}},"19":{"start":{"line":30,"column":4},"end":{"line":30,"column":56}},"20":{"start":{"line":35,"column":4},"end":{"line":35,"column":43}},"21":{"start":{"line":38,"column":4},"end":{"line":40,"column":7}},"22":{"start":{"line":39,"column":6},"end":{"line":39,"column":29}},"23":{"start":{"line":43,"column":4},"end":{"line":45,"column":7}},"24":{"start":{"line":44,"column":6},"end":{"line":44,"column":30}},"25":{"start":{"line":48,"column":4},"end":{"line":62,"column":7}},"26":{"start":{"line":49,"column":6},"end":{"line":61,"column":7}},"27":{"start":{"line":50,"column":8},"end":{"line":50,"column":37}},"28":{"start":{"line":50,"column":30},"end":{"line":50,"column":37}},"29":{"start":{"line":51,"column":24},"end":{"line":56,"column":10}},"30":{"start":{"line":57,"column":8},"end":{"line":57,"column":60}},"31":{"start":{"line":58,"column":8},"end":{"line":58,"column":54}},"32":{"start":{"line":60,"column":8},"end":{"line":60,"column":68}},"33":{"start":{"line":65,"column":4},"end":{"line":70,"column":7}},"34":{"start":{"line":66,"column":6},"end":{"line":69,"column":9}},"35":{"start":{"line":72,"column":4},"end":{"line":74,"column":7}},"36":{"start":{"line":73,"column":6},"end":{"line":73,"column":81}},"37":{"start":{"line":78,"column":4},"end":{"line":83,"column":7}},"38":{"start":{"line":79,"column":20},"end":{"line":79,"column":63}},"39":{"start":{"line":80,"column":6},"end":{"line":82,"column":7}},"40":{"start":{"line":80,"column":50},"end":{"line":80,"column":75}},"41":{"start":{"line":81,"column":8},"end":{"line":81,"column":44}},"42":{"start":{"line":85,"column":4},"end":{"line":87,"column":7}},"43":{"start":{"line":86,"column":6},"end":{"line":86,"column":43}},"44":{"start":{"line":90,"column":4},"end":{"line":110,"column":7}},"45":{"start":{"line":91,"column":6},"end":{"line":109,"column":7}},"46":{"start":{"line":92,"column":8},"end":{"line":92,"column":37}},"47":{"start":{"line":92,"column":30},"end":{"line":92,"column":37}},"48":{"start":{"line":93,"column":22},"end":{"line":93,"column":65}},"49":{"start":{"line":94,"column":8},"end":{"line":94,"column":89}},"50":{"start":{"line":94,"column":54},"end":{"line":94,"column":79}},"51":{"start":{"line":94,"column":82},"end":{"line":94,"column":89}},"52":{"start":{"line":96,"column":24},"end":{"line":100,"column":10}},"53":{"start":{"line":101,"column":8},"end":{"line":101,"column":60}},"54":{"start":{"line":103,"column":8},"end":{"line":103,"column":48}},"55":{"start":{"line":104,"column":8},"end":{"line":104,"column":27}},"56":{"start":{"line":106,"column":8},"end":{"line":106,"column":62}},"57":{"start":{"line":108,"column":8},"end":{"line":108,"column":75}},"58":{"start":{"line":113,"column":4},"end":{"line":118,"column":7}},"59":{"start":{"line":114,"column":6},"end":{"line":117,"column":9}},"60":{"start":{"line":120,"column":4},"end":{"line":122,"column":7}},"61":{"start":{"line":121,"column":6},"end":{"line":121,"column":97}},"62":{"start":{"line":124,"column":4},"end":{"line":127,"column":7}},"63":{"start":{"line":125,"column":6},"end":{"line":125,"column":64}},"64":{"start":{"line":126,"column":6},"end":{"line":126,"column":59}},"65":{"start":{"line":130,"column":2},"end":{"line":130,"column":12}},"66":{"start":{"line":133,"column":0},"end":{"line":133,"column":28}}},"fnMap":{"0":{"name":"(anonymous_0)","decl":{"start":{"line":8,"column":19},"end":{"line":8,"column":20}},"loc":{"start":{"line":8,"column":35},"end":{"line":131,"column":1}},"line":8},"1":{"name":"(anonymous_1)","decl":{"start":{"line":16,"column":9},"end":{"line":16,"column":10}},"loc":{"start":{"line":16,"column":33},"end":{"line":26,"column":3}},"line":16},"2":{"name":"(anonymous_2)","decl":{"start":{"line":28,"column":22},"end":{"line":28,"column":23}},"loc":{"start":{"line":28,"column":34},"end":{"line":128,"column":3}},"line":28},"3":{"name":"(anonymous_3)","decl":{"start":{"line":38,"column":30},"end":{"line":38,"column":31}},"loc":{"start":{"line":38,"column":49},"end":{"line":40,"column":5}},"line":38},"4":{"name":"(anonymous_4)","decl":{"start":{"line":43,"column":31},"end":{"line":43,"column":32}},"loc":{"start":{"line":43,"column":50},"end":{"line":45,"column":5}},"line":43},"5":{"name":"(anonymous_5)","decl":{"start":{"line":48,"column":30},"end":{"line":48,"column":31}},"loc":{"start":{"line":48,"column":73},"end":{"line":62,"column":5}},"line":48},"6":{"name":"(anonymous_6)","decl":{"start":{"line":65,"column":24},"end":{"line":65,"column":25}},"loc":{"start":{"line":65,"column":43},"end":{"line":70,"column":5}},"line":65},"7":{"name":"(anonymous_7)","decl":{"start":{"line":72,"column":29},"end":{"line":72,"column":30}},"loc":{"start":{"line":72,"column":48},"end":{"line":74,"column":5}},"line":72},"8":{"name":"(anonymous_8)","decl":{"start":{"line":78,"column":25},"end":{"line":78,"column":26}},"loc":{"start":{"line":78,"column":55},"end":{"line":83,"column":5}},"line":78},"9":{"name":"(anonymous_9)","decl":{"start":{"line":80,"column":43},"end":{"line":80,"column":44}},"loc":{"start":{"line":80,"column":50},"end":{"line":80,"column":75}},"line":80},"10":{"name":"(anonymous_10)","decl":{"start":{"line":85,"column":26},"end":{"line":85,"column":27}},"loc":{"start":{"line":85,"column":50},"end":{"line":87,"column":5}},"line":85},"11":{"name":"(anonymous_11)","decl":{"start":{"line":90,"column":25},"end":{"line":90,"column":26}},"loc":{"start":{"line":90,"column":64},"end":{"line":110,"column":5}},"line":90},"12":{"name":"(anonymous_12)","decl":{"start":{"line":94,"column":47},"end":{"line":94,"column":48}},"loc":{"start":{"line":94,"column":54},"end":{"line":94,"column":79}},"line":94},"13":{"name":"(anonymous_13)","decl":{"start":{"line":113,"column":27},"end":{"line":113,"column":28}},"loc":{"start":{"line":113,"column":51},"end":{"line":118,"column":5}},"line":113},"14":{"name":"(anonymous_14)","decl":{"start":{"line":120,"column":32},"end":{"line":120,"column":33}},"loc":{"start":{"line":120,"column":56},"end":{"line":122,"column":5}},"line":120},"15":{"name":"(anonymous_15)","decl":{"start":{"line":124,"column":28},"end":{"line":124,"column":29}},"loc":{"start":{"line":124,"column":34},"end":{"line":127,"column":5}},"line":124}},"branchMap":{"0":{"loc":{"start":{"line":19,"column":6},"end":{"line":19,"column":65}},"type":"if","locations":[{"start":{"line":19,"column":6},"end":{"line":19,"column":65}},{"start":{},"end":{}}],"line":19},"1":{"loc":{"start":{"line":50,"column":8},"end":{"line":50,"column":37}},"type":"if","locations":[{"start":{"line":50,"column":8},"end":{"line":50,"column":37}},{"start":{},"end":{}}],"line":50},"2":{"loc":{"start":{"line":55,"column":19},"end":{"line":55,"column":34}},"type":"binary-expr","locations":[{"start":{"line":55,"column":19},"end":{"line":55,"column":26}},{"start":{"line":55,"column":30},"end":{"line":55,"column":34}}],"line":55},"3":{"loc":{"start":{"line":80,"column":6},"end":{"line":82,"column":7}},"type":"if","locations":[{"start":{"line":80,"column":6},"end":{"line":82,"column":7}},{"start":{},"end":{}}],"line":80},"4":{"loc":{"start":{"line":80,"column":10},"end":{"line":80,"column":76}},"type":"binary-expr","locations":[{"start":{"line":80,"column":10},"end":{"line":80,"column":15}},{"start":{"line":80,"column":19},"end":{"line":80,"column":76}}],"line":80},"5":{"loc":{"start":{"line":92,"column":8},"end":{"line":92,"column":37}},"type":"if","locations":[{"start":{"line":92,"column":8},"end":{"line":92,"column":37}},{"start":{},"end":{}}],"line":92},"6":{"loc":{"start":{"line":94,"column":8},"end":{"line":94,"column":89}},"type":"if","locations":[{"start":{"line":94,"column":8},"end":{"line":94,"column":89}},{"start":{},"end":{}}],"line":94},"7":{"loc":{"start":{"line":94,"column":12},"end":{"line":94,"column":80}},"type":"binary-expr","locations":[{"start":{"line":94,"column":12},"end":{"line":94,"column":18}},{"start":{"line":94,"column":22},"end":{"line":94,"column":80}}],"line":94}},"s":{"0":0,"1":0,"2":0,"3":0,"4":0,"5":0,"6":0,"7":0,"8":0,"9":0,"10":0,"11":0,"12":0,"13":0,"14":0,"15":0,"16":0,"17":0,"18":0,"19":0,"20":0,"21":0,"22":0,"23":0,"24":0,"25":0,"26":0,"27":0,"28":0,"29":0,"30":0,"31":0,"32":0,"33":0,"34":0,"35":0,"36":0,"37":0,"38":0,"39":0,"40":0,"41":0,"42":0,"43":0,"44":0,"45":0,"46":0,"47":0,"48":0,"49":0,"50":0,"51":0,"52":0,"53":0,"54":0,"55":0,"56":0,"57":0,"58":0,"59":0,"60":0,"61":0,"62":0,"63":0,"64":0,"65":0,"66":0},"f":{"0":0,"1":0,"2":0,"3":0,"4":0,"5":0,"6":0,"7":0,"8":0,"9":0,"10":0,"11":0,"12":0,"13":0,"14":0,"15":0},"b":{"0":[0,0],"1":[0,0],"2":[0,0],"3":[0,0],"4":[0,0],"5":[0,0],"6":[0,0],"7":[0,0]}}
,"C:\\Users\\tulig\\Project-CMCord\\server\\src\\utils\\coursePermissions.js": {"path":"C:\\Users\\tulig\\Project-CMCord\\server\\src\\utils\\coursePermissions.js","statementMap":{"0":{"start":{"line":2,"column":22},"end":{"line":6,"column":1}},"1":{"start":{"line":3,"column":14},"end":{"line":3,"column":31}},"2":{"start":{"line":4,"column":17},"end":{"line":4,"column":86}},"3":{"start":{"line":4,"column":44},"end":{"line":4,"column":85}},"4":{"start":{"line":5,"column":2},"end":{"line":5,"column":37}},"5":{"start":{"line":9,"column":24},"end":{"line":9,"column":72}},"6":{"start":{"line":9,"column":34},"end":{"line":9,"column":72}},"7":{"start":{"line":12,"column":27},"end":{"line":12,"column":58}},"8":{"start":{"line":12,"column":37},"end":{"line":12,"column":58}},"9":{"start":{"line":14,"column":0},"end":{"line":14,"column":72}}},"fnMap":{"0":{"name":"(anonymous_0)","decl":{"start":{"line":2,"column":22},"end":{"line":2,"column":23}},"loc":{"start":{"line":2,"column":42},"end":{"line":6,"column":1}},"line":2},"1":{"name":"(anonymous_1)","decl":{"start":{"line":4,"column":37},"end":{"line":4,"column":38}},"loc":{"start":{"line":4,"column":44},"end":{"line":4,"column":85}},"line":4},"2":{"name":"(anonymous_2)","decl":{"start":{"line":9,"column":24},"end":{"line":9,"column":25}},"loc":{"start":{"line":9,"column":34},"end":{"line":9,"column":72}},"line":9},"3":{"name":"(anonymous_3)","decl":{"start":{"line":12,"column":27},"end":{"line":12,"column":28}},"loc":{"start":{"line":12,"column":37},"end":{"line":12,"column":58}},"line":12}},"branchMap":{"0":{"loc":{"start":{"line":4,"column":45},"end":{"line":4,"column":65}},"type":"binary-expr","locations":[{"start":{"line":4,"column":45},"end":{"line":4,"column":55}},{"start":{"line":4,"column":59},"end":{"line":4,"column":65}}],"line":4},"1":{"loc":{"start":{"line":5,"column":9},"end":{"line":5,"column":36}},"type":"cond-expr","locations":[{"start":{"line":5,"column":18},"end":{"line":5,"column":29}},{"start":{"line":5,"column":32},"end":{"line":5,"column":36}}],"line":5},"2":{"loc":{"start":{"line":9,"column":34},"end":{"line":9,"column":72}},"type":"binary-expr","locations":[{"start":{"line":9,"column":34},"end":{"line":9,"column":55}},{"start":{"line":9,"column":59},"end":{"line":9,"column":72}}],"line":9}},"s":{"0":1,"1":6,"2":6,"3":11,"4":6,"5":1,"6":4,"7":1,"8":3,"9":1},"f":{"0":6,"1":11,"2":4,"3":3},"b":{"0":[11,10],"1":[5,1],"2":[4,3]},"_coverageSchema":"1a1c01bbd47fc00a2c39e90264f33305004495a9","hash":"f620ef0cec69b389042fad3f19431faaf573f2e7"}
,"C:\\Users\\tulig\\Project-CMCord\\server\\src\\utils\\fileUrl.js": {"path":"C:\\Users\\tulig\\Project-CMCord\\server\\src\\utils\\fileUrl.js","statementMap":{"0":{"start":{"line":5,"column":27},"end":{"line":9,"column":1}},"1":{"start":{"line":6,"column":2},"end":{"line":6,"column":25}},"2":{"start":{"line":6,"column":13},"end":{"line":6,"column":25}},"3":{"start":{"line":7,"column":2},"end":{"line":7,"column":68}},"4":{"start":{"line":7,"column":51},"end":{"line":7,"column":68}},"5":{"start":{"line":8,"column":2},"end":{"line":8,"column":37}},"6":{"start":{"line":11,"column":0},"end":{"line":11,"column":40}}},"fnMap":{"0":{"name":"(anonymous_0)","decl":{"start":{"line":5,"column":27},"end":{"line":5,"column":28}},"loc":{"start":{"line":5,"column":37},"end":{"line":9,"column":1}},"line":5}},"branchMap":{"0":{"loc":{"start":{"line":6,"column":2},"end":{"line":6,"column":25}},"type":"if","locations":[{"start":{"line":6,"column":2},"end":{"line":6,"column":25}},{"start":{},"end":{}}],"line":6},"1":{"loc":{"start":{"line":7,"column":2},"end":{"line":7,"column":68}},"type":"if","locations":[{"start":{"line":7,"column":2},"end":{"line":7,"column":68}},{"start":{},"end":{}}],"line":7},"2":{"loc":{"start":{"line":7,"column":6},"end":{"line":7,"column":49}},"type":"binary-expr","locations":[{"start":{"line":7,"column":6},"end":{"line":7,"column":15}},{"start":{"line":7,"column":19},"end":{"line":7,"column":49}}],"line":7}},"s":{"0":1,"1":6,"2":2,"3":4,"4":2,"5":2,"6":1},"f":{"0":6},"b":{"0":[2,4],"1":[2,2],"2":[4,4]},"_coverageSchema":"1a1c01bbd47fc00a2c39e90264f33305004495a9","hash":"1309fa74a3091a48a6a02ab9bd8054d69bd46a50"}
,"C:\\Users\\tulig\\Project-CMCord\\server\\src\\utils\\permissions.js": {"path":"C:\\Users\\tulig\\Project-CMCord\\server\\src\\utils\\permissions.js","statementMap":{"0":{"start":{"line":1,"column":16},"end":{"line":6,"column":1}},"1":{"start":{"line":2,"column":14},"end":{"line":2,"column":31}},"2":{"start":{"line":3,"column":2},"end":{"line":3,"column":54}},"3":{"start":{"line":3,"column":39},"end":{"line":3,"column":54}},"4":{"start":{"line":4,"column":17},"end":{"line":4,"column":86}},"5":{"start":{"line":4,"column":44},"end":{"line":4,"column":85}},"6":{"start":{"line":5,"column":2},"end":{"line":5,"column":37}},"7":{"start":{"line":8,"column":25},"end":{"line":12,"column":1}},"8":{"start":{"line":9,"column":2},"end":{"line":9,"column":41}},"9":{"start":{"line":9,"column":29},"end":{"line":9,"column":41}},"10":{"start":{"line":10,"column":2},"end":{"line":10,"column":63}},"11":{"start":{"line":10,"column":33},"end":{"line":10,"column":63}},"12":{"start":{"line":11,"column":2},"end":{"line":11,"column":15}},"13":{"start":{"line":14,"column":26},"end":{"line":18,"column":1}},"14":{"start":{"line":15,"column":2},"end":{"line":15,"column":59}},"15":{"start":{"line":15,"column":29},"end":{"line":15,"column":59}},"16":{"start":{"line":16,"column":2},"end":{"line":16,"column":64}},"17":{"start":{"line":16,"column":33},"end":{"line":16,"column":64}},"18":{"start":{"line":17,"column":2},"end":{"line":17,"column":15}},"19":{"start":{"line":21,"column":22},"end":{"line":21,"column":58}},"20":{"start":{"line":21,"column":37},"end":{"line":21,"column":58}},"21":{"start":{"line":23,"column":0},"end":{"line":23,"column":81}}},"fnMap":{"0":{"name":"(anonymous_0)","decl":{"start":{"line":1,"column":16},"end":{"line":1,"column":17}},"loc":{"start":{"line":1,"column":36},"end":{"line":6,"column":1}},"line":1},"1":{"name":"(anonymous_1)","decl":{"start":{"line":4,"column":37},"end":{"line":4,"column":38}},"loc":{"start":{"line":4,"column":44},"end":{"line":4,"column":85}},"line":4},"2":{"name":"(anonymous_2)","decl":{"start":{"line":8,"column":25},"end":{"line":8,"column":26}},"loc":{"start":{"line":8,"column":52},"end":{"line":12,"column":1}},"line":8},"3":{"name":"(anonymous_3)","decl":{"start":{"line":14,"column":26},"end":{"line":14,"column":27}},"loc":{"start":{"line":14,"column":53},"end":{"line":18,"column":1}},"line":14},"4":{"name":"(anonymous_4)","decl":{"start":{"line":21,"column":22},"end":{"line":21,"column":23}},"loc":{"start":{"line":21,"column":37},"end":{"line":21,"column":58}},"line":21}},"branchMap":{"0":{"loc":{"start":{"line":3,"column":2},"end":{"line":3,"column":54}},"type":"if","locations":[{"start":{"line":3,"column":2},"end":{"line":3,"column":54}},{"start":{},"end":{}}],"line":3},"1":{"loc":{"start":{"line":4,"column":45},"end":{"line":4,"column":65}},"type":"binary-expr","locations":[{"start":{"line":4,"column":45},"end":{"line":4,"column":55}},{"start":{"line":4,"column":59},"end":{"line":4,"column":65}}],"line":4},"2":{"loc":{"start":{"line":5,"column":9},"end":{"line":5,"column":36}},"type":"cond-expr","locations":[{"start":{"line":5,"column":18},"end":{"line":5,"column":29}},{"start":{"line":5,"column":32},"end":{"line":5,"column":36}}],"line":5},"3":{"loc":{"start":{"line":9,"column":2},"end":{"line":9,"column":41}},"type":"if","locations":[{"start":{"line":9,"column":2},"end":{"line":9,"column":41}},{"start":{},"end":{}}],"line":9},"4":{"loc":{"start":{"line":10,"column":2},"end":{"line":10,"column":63}},"type":"if","locations":[{"start":{"line":10,"column":2},"end":{"line":10,"column":63}},{"start":{},"end":{}}],"line":10},"5":{"loc":{"start":{"line":15,"column":2},"end":{"line":15,"column":59}},"type":"if","locations":[{"start":{"line":15,"column":2},"end":{"line":15,"column":59}},{"start":{},"end":{}}],"line":15},"6":{"loc":{"start":{"line":16,"column":2},"end":{"line":16,"column":64}},"type":"if","locations":[{"start":{"line":16,"column":2},"end":{"line":16,"column":64}},{"start":{},"end":{}}],"line":16}},"s":{"0":1,"1":5,"2":5,"3":1,"4":4,"5":9,"6":4,"7":1,"8":10,"9":3,"10":7,"11":3,"12":4,"13":1,"14":9,"15":3,"16":6,"17":3,"18":3,"19":1,"20":4,"21":1},"f":{"0":5,"1":9,"2":10,"3":9,"4":4},"b":{"0":[1,4],"1":[9,8],"2":[3,1],"3":[3,7],"4":[3,4],"5":[3,6],"6":[3,3]},"_coverageSchema":"1a1c01bbd47fc00a2c39e90264f33305004495a9","hash":"89c4713cbc486304dd457af46d0d4c4234d38f72"}
}
