{"C:\\Users\\tulig\\Project-CMCord\\client\\src\\utils\\coursePermissions.js": {"path":"C:\\Users\\tulig\\Project-CMCord\\client\\src\\utils\\coursePermissions.js","all":false,"statementMap":{"0":{"start":{"line":1,"column":0},"end":{"line":1,"column":87}},"1":{"start":{"line":2,"column":0},"end":{"line":2,"column":72}},"2":{"start":{"line":3,"column":0},"end":{"line":3,"column":85}},"3":{"start":{"line":4,"column":0},"end":{"line":4,"column":50}},"4":{"start":{"line":5,"column":0},"end":{"line":5,"column":38}},"5":{"start":{"line":6,"column":0},"end":{"line":6,"column":81}},"6":{"start":{"line":7,"column":0},"end":{"line":7,"column":30}},"7":{"start":{"line":8,"column":0},"end":{"line":8,"column":2}},"9":{"start":{"line":10,"column":0},"end":{"line":10,"column":69}},"10":{"start":{"line":11,"column":0},"end":{"line":11,"column":80}},"12":{"start":{"line":13,"column":0},"end":{"line":13,"column":57}},"13":{"start":{"line":14,"column":0},"end":{"line":14,"column":66}}},"s":{"0":1,"1":1,"2":1,"3":1,"4":6,"5":6,"6":6,"7":6,"9":1,"10":1,"12":1,"13":1},"branchMap":{"0":{"type":"branch","line":4,"loc":{"start":{"line":4,"column":29},"end":{"line":8,"column":2}},"locations":[{"start":{"line":4,"column":29},"end":{"line":8,"column":2}}]},"1":{"type":"branch","line":5,"loc":{"start":{"line":5,"column":14},"end":{"line":5,"column":24}},"locations":[{"start":{"line":5,"column":14},"end":{"line":5,"column":24}}]},"2":{"type":"branch","line":5,"loc":{"start":{"line":5,"column":26},"end":{"line":5,"column":38}},"locations":[{"start":{"line":5,"column":26},"end":{"line":5,"column":38}}]},"3":{"type":"branch","line":5,"loc":{"start":{"line":5,"column":37},"end":{"line":6,"column":37}},"locations":[{"start":{"line":5,"column":37},"end":{"line":6,"column":37}}]},"4":{"type":"branch","line":7,"loc":{"start":{"line":7,"column":15},"end":{"line":7,"column":21}},"locations":[{"start":{"line":7,"column":15},"end":{"line":7,"column":21}}]},"5":{"type":"branch","line":7,"loc":{"start":{"line":7,"column":22},"end":{"line":7,"column":29}},"locations":[{"start":{"line":7,"column":22},"end":{"line":7,"column":29}}]},"6":{"type":"branch","line":6,"loc":{"start":{"line":6,"column":38},"end":{"line":6,"column":79}},"locations":[{"start":{"line":6,"column":38},"end":{"line":6,"column":79}}]},"7":{"type":"branch","line":6,"loc":{"start":{"line":6,"column":58},"end":{"line":6,"column":67}},"locations":[{"start":{"line":6,"column":58},"end":{"line":6,"column":67}}]},"8":{"type":"branch","line":11,"loc":{"start":{"line":11,"column":31},"end":{"line":11,"column":79}},"locations":[{"start":{"line":11,"column":31},"end":{"line":11,"column":79}}]},"9":{"type":"branch","line":11,"loc":{"start":{"line":11,"column":63},"end":{"line":11,"column":79}},"locations":[{"start":{"line":11,"column":63},"end":{"line":11,"column":79}}]},"10":{"type":"branch","line":14,"loc":{"start":{"line":14,"column":34},"end":{"line":14,"column":65}},"locations":[{"start":{"line":14,"column":34},"end":{"line":14,"column":65}}]}},"b":{"0":[6],"1":[5],"2":[2],"3":[4],"4":[3],"5":[1],"6":[9],"7":[6],"8":[4],"9":[3],"10":[3]},"fnMap":{"0":{"name":"getCourseRole","decl":{"start":{"line":4,"column":29},"end":{"line":8,"column":2}},"loc":{"start":{"line":4,"column":29},"end":{"line":8,"column":2}},"line":4},"1":{"name":"canManageCourse","decl":{"start":{"line":11,"column":31},"end":{"line":11,"column":79}},"loc":{"start":{"line":11,"column":31},"end":{"line":11,"column":79}},"line":11},"2":{"name":"isCourseInstructor","decl":{"start":{"line":14,"column":34},"end":{"line":14,"column":65}},"loc":{"start":{"line":14,"column":34},"end":{"line":14,"column":65}},"line":14}},"f":{"0":6,"1":4,"2":3}}
,"C:\\Users\\tulig\\Project-CMCord\\client\\src\\utils\\file.js": {"path":"C:\\Users\\tulig\\Project-CMCord\\client\\src\\utils\\file.js","all":false,"statementMap":{"0":{"start":{"line":1,"column":0},"end":{"line":1,"column":60}},"1":{"start":{"line":2,"column":0},"end":{"line":2,"column":42}},"2":{"start":{"line":3,"column":0},"end":{"line":3,"column":40}},"3":{"start":{"line":4,"column":0},"end":{"line":4,"column":67}},"4":{"start":{"line":5,"column":0},"end":{"line":5,"column":52}},"5":{"start":{"line":6,"column":0},"end":{"line":6,"column":2}},"7":{"start":{"line":8,"column":0},"end":{"line":8,"column":98}},"8":{"start":{"line":9,"column":0},"end":{"line":9,"column":52}}},"s":{"0":1,"1":1,"2":11,"3":11,"4":4,"5":4,"7":1,"8":1},"branchMap":{"0":{"type":"branch","line":2,"loc":{"start":{"line":2,"column":30},"end":{"line":6,"column":2}},"locations":[{"start":{"line":2,"column":30},"end":{"line":6,"column":2}}]},"1":{"type":"branch","line":3,"loc":{"start":{"line":3,"column":20},"end":{"line":3,"column":40}},"locations":[{"start":{"line":3,"column":20},"end":{"line":3,"column":40}}]},"2":{"type":"branch","line":3,"loc":{"start":{"line":3,"column":39},"end":{"line":4,"column":27}},"locations":[{"start":{"line":3,"column":39},"end":{"line":4,"column":27}}]},"3":{"type":"branch","line":4,"loc":{"start":{"line":4,"column":27},"end":{"line":6,"column":2}},"locations":[{"start":{"line":4,"column":27},"end":{"line":6,"column":2}}]}},"b":{"0":[11],"1":[3],"2":[8],"3":[4]},"fnMap":{"0":{"name":"formatFileSize","decl":{"start":{"line":2,"column":30},"end":{"line":6,"column":2}},"loc":{"start":{"line":2,"column":30},"end":{"line":6,"column":2}},"line":2}},"f":{"0":11}}
,"C:\\Users\\tulig\\Project-CMCord\\client\\src\\utils\\permissions.js": {"path":"C:\\Users\\tulig\\Project-CMCord\\client\\src\\utils\\permissions.js","all":false,"statementMap":{"0":{"start":{"line":1,"column":0},"end":{"line":1,"column":44}},"1":{"start":{"line":2,"column":0},"end":{"line":2,"column":38}},"2":{"start":{"line":3,"column":0},"end":{"line":3,"column":52}},"3":{"start":{"line":4,"column":0},"end":{"line":4,"column":41}},"4":{"start":{"line":5,"column":0},"end":{"line":5,"column":81}},"5":{"start":{"line":6,"column":0},"end":{"line":6,"column":30}},"6":{"start":{"line":7,"column":0},"end":{"line":7,"column":2}},"8":{"start":{"line":9,"column":0},"end":{"line":9,"column":60}},"9":{"start":{"line":10,"column":0},"end":{"line":10,"column":41}},"10":{"start":{"line":11,"column":0},"end":{"line":11,"column":63}},"11":{"start":{"line":12,"column":0},"end":{"line":12,"column":15}},"12":{"start":{"line":13,"column":0},"end":{"line":13,"column":2}},"14":{"start":{"line":15,"column":0},"end":{"line":15,"column":61}},"15":{"start":{"line":16,"column":0},"end":{"line":16,"column":59}},"16":{"start":{"line":17,"column":0},"end":{"line":17,"column":64}},"17":{"start":{"line":18,"column":0},"end":{"line":18,"column":15}},"18":{"start":{"line":19,"column":0},"end":{"line":19,"column":2}},"20":{"start":{"line":21,"column":0},"end":{"line":21,"column":69}},"21":{"start":{"line":22,"column":0},"end":{"line":22,"column":82}},"22":{"start":{"line":23,"column":0},"end":{"line":23,"column":46}},"23":{"start":{"line":24,"column":0},"end":{"line":24,"column":2}},"25":{"start":{"line":26,"column":0},"end":{"line":26,"column":66}}},"s":{"0":1,"1":7,"2":7,"3":7,"4":7,"5":7,"6":7,"8":1,"9":6,"10":6,"11":1,"12":1,"14":1,"15":7,"16":7,"17":1,"18":1,"20":1,"21":4,"22":4,"23":4,"25":1},"branchMap":{"0":{"type":"branch","line":1,"loc":{"start":{"line":1,"column":23},"end":{"line":7,"column":2}},"locations":[{"start":{"line":1,"column":23},"end":{"line":7,"column":2}}]},"1":{"type":"branch","line":2,"loc":{"start":{"line":2,"column":14},"end":{"line":2,"column":24}},"locations":[{"start":{"line":2,"column":14},"end":{"line":2,"column":24}}]},"2":{"type":"branch","line":2,"loc":{"start":{"line":2,"column":26},"end":{"line":2,"column":38}},"locations":[{"start":{"line":2,"column":26},"end":{"line":2,"column":38}}]},"3":{"type":"branch","line":2,"loc":{"start":{"line":2,"column":37},"end":{"line":3,"column":35}},"locations":[{"start":{"line":2,"column":37},"end":{"line":3,"column":35}}]},"4":{"type":"branch","line":3,"loc":{"start":{"line":3,"column":36},"end":{"line":3,"column":51}},"locations":[{"start":{"line":3,"column":36},"end":{"line":3,"column":51}}]},"5":{"type":"branch","line":4,"loc":{"start":{"line":4,"column":26},"end":{"line":4,"column":41}},"locations":[{"start":{"line":4,"column":26},"end":{"line":4,"column":41}}]},"6":{"type":"branch","line":4,"loc":{"start":{"line":4,"column":40},"end":{"line":5,"column":37}},"locations":[{"start":{"line":4,"column":40},"end":{"line":5,"column":37}}]},"7":{"type":"branch","line":6,"loc":{"start":{"line":6,"column":15},"end":{"line":6,"column":21}},"locations":[{"start":{"line":6,"column":15},"end":{"line":6,"column":21}}]},"8":{"type":"branch","line":6,"loc":{"start":{"line":6,"column":22},"end":{"line":6,"column":29}},"locations":[{"start":{"line":6,"column":22},"end":{"line":6,"column":29}}]},"9":{"type":"branch","line":5,"loc":{"start":{"line":5,"column":38},"end":{"line":5,"column":79}},"locations":[{"start":{"line":5,"column":38},"end":{"line":5,"column":79}}]},"10":{"type":"branch","line":5,"loc":{"start":{"line":5,"column":58},"end":{"line":5,"column":67}},"locations":[{"start":{"line":5,"column":58},"end":{"line":5,"column":67}}]},"11":{"type":"branch","line":9,"loc":{"start":{"line":9,"column":32},"end":{"line":13,"column":2}},"locations":[{"start":{"line":9,"column":32},"end":{"line":13,"column":2}}]},"12":{"type":"branch","line":10,"loc":{"start":{"line":10,"column":29},"end":{"line":10,"column":41}},"locations":[{"start":{"line":10,"column":29},"end":{"line":10,"column":41}}]},"13":{"type":"branch","line":10,"loc":{"start":{"line":10,"column":40},"end":{"line":11,"column":33}},"locations":[{"start":{"line":10,"column":40},"end":{"line":11,"column":33}}]},"14":{"type":"branch","line":11,"loc":{"start":{"line":11,"column":33},"end":{"line":11,"column":63}},"locations":[{"start":{"line":11,"column":33},"end":{"line":11,"column":63}}]},"15":{"type":"branch","line":11,"loc":{"start":{"line":11,"column":62},"end":{"line":13,"column":2}},"locations":[{"start":{"line":11,"column":62},"end":{"line":13,"column":2}}]},"16":{"type":"branch","line":15,"loc":{"start":{"line":15,"column":33},"end":{"line":19,"column":2}},"locations":[{"start":{"line":15,"column":33},"end":{"line":19,"column":2}}]},"17":{"type":"branch","line":16,"loc":{"start":{"line":16,"column":29},"end":{"line":16,"column":59}},"locations":[{"start":{"line":16,"column":29},"end":{"line":16,"column":59}}]},"18":{"type":"branch","line":16,"loc":{"start":{"line":16,"column":58},"end":{"line":17,"column":33}},"locations":[{"start":{"line":16,"column":58},"end":{"line":17,"column":33}}]},"19":{"type":"branch","line":17,"loc":{"start":{"line":17,"column":33},"end":{"line":17,"column":64}},"locations":[{"start":{"line":17,"column":33},"end":{"line":17,"column":64}}]},"20":{"type":"branch","line":17,"loc":{"start":{"line":17,"column":63},"end":{"line":19,"column":2}},"locations":[{"start":{"line":17,"column":63},"end":{"line":19,"column":2}}]},"21":{"type":"branch","line":21,"loc":{"start":{"line":21,"column":30},"end":{"line":24,"column":2}},"locations":[{"start":{"line":21,"column":30},"end":{"line":24,"column":2}}]},"22":{"type":"branch","line":22,"loc":{"start":{"line":22,"column":23},"end":{"line":22,"column":38}},"locations":[{"start":{"line":22,"column":23},"end":{"line":22,"column":38}}]},"23":{"type":"branch","line":23,"loc":{"start":{"line":23,"column":15},"end":{"line":23,"column":25}},"locations":[{"start":{"line":23,"column":15},"end":{"line":23,"column":25}}]},"24":{"type":"branch","line":23,"loc":{"start":{"line":23,"column":26},"end":{"line":23,"column":45}},"locations":[{"start":{"line":23,"column":26},"end":{"line":23,"column":45}}]},"25":{"type":"branch","line":22,"loc":{"start":{"line":22,"column":39},"end":{"line":22,"column":80}},"locations":[{"start":{"line":22,"column":39},"end":{"line":22,"column":80}}]},"26":{"type":"branch","line":26,"loc":{"start":{"line":26,"column":29},"end":{"line":26,"column":65}},"locations":[{"start":{"line":26,"column":29},"end":{"line":26,"column":65}}]}},"b":{"0":[7],"1":[6],"2":[2],"3":[5],"4":[4],"5":[2],"6":[3],"7":[2],"8":[1],"9":[4],"10":[3],"11":[6],"12":[2],"13":[4],"14":[3],"15":[1],"16":[7],"17":[3],"18":[4],"19":[3],"20":[1],"21":[4],"22":[3],"23":[2],"24":[3],"25":[5],"26":[3]},"fnMap":{"0":{"name":"getRole","decl":{"start":{"line":1,"column":23},"end":{"line":7,"column":2}},"loc":{"start":{"line":1,"column":23},"end":{"line":7,"column":2}},"line":1},"1":{"name":"canDeleteMessage","decl":{"start":{"line":9,"column":32},"end":{"line":13,"column":2}},"loc":{"start":{"line":9,"column":32},"end":{"line":13,"column":2}},"line":9},"2":{"name":"canModerateMember","decl":{"start":{"line":15,"column":33},"end":{"line":19,"column":2}},"loc":{"start":{"line":15,"column":33},"end":{"line":19,"column":2}},"line":15},"3":{"name":"getDisplayName","decl":{"start":{"line":21,"column":30},"end":{"line":24,"column":2}},"loc":{"start":{"line":21,"column":30},"end":{"line":24,"column":2}},"line":21},"4":{"name":"canChangeRole","decl":{"start":{"line":26,"column":29},"end":{"line":26,"column":65}},"loc":{"start":{"line":26,"column":29},"end":{"line":26,"column":65}},"line":26}},"f":{"0":7,"1":6,"2":7,"3":4,"4":3}}
,"C:\\Users\\tulig\\Project-CMCord\\client\\src\\utils\\status.js": {"path":"C:\\Users\\tulig\\Project-CMCord\\client\\src\\utils\\status.js","all":false,"statementMap":{"0":{"start":{"line":1,"column":0},"end":{"line":1,"column":81}},"1":{"start":{"line":2,"column":0},"end":{"line":2,"column":81}},"2":{"start":{"line":3,"column":0},"end":{"line":3,"column":85}},"3":{"start":{"line":4,"column":0},"end":{"line":4,"column":31}},"4":{"start":{"line":5,"column":0},"end":{"line":5,"column":64}},"5":{"start":{"line":6,"column":0},"end":{"line":6,"column":66}},"6":{"start":{"line":7,"column":0},"end":{"line":7,"column":64}},"7":{"start":{"line":8,"column":0},"end":{"line":8,"column":2}},"9":{"start":{"line":10,"column":0},"end":{"line":10,"column":28}},"10":{"start":{"line":11,"column":0},"end":{"line":11,"column":55}},"11":{"start":{"line":12,"column":0},"end":{"line":12,"column":57}},"12":{"start":{"line":13,"column":0},"end":{"line":13,"column":55}},"13":{"start":{"line":14,"column":0},"end":{"line":14,"column":61}},"14":{"start":{"line":15,"column":0},"end":{"line":15,"column":2}},"16":{"start":{"line":17,"column":0},"end":{"line":17,"column":73}},"17":{"start":{"line":18,"column":0},"end":{"line":18,"column":83}},"18":{"start":{"line":19,"column":0},"end":{"line":19,"column":84}},"19":{"start":{"line":20,"column":0},"end":{"line":20,"column":82}},"20":{"start":{"line":21,"column":0},"end":{"line":21,"column":74}},"21":{"start":{"line":22,"column":0},"end":{"line":22,"column":61}},"22":{"start":{"line":23,"column":0},"end":{"line":23,"column":77}},"23":{"start":{"line":24,"column":0},"end":{"line":24,"column":2}}},"s":{"0":1,"1":1,"2":1,"3":1,"4":1,"5":1,"6":1,"7":1,"9":1,"10":1,"11":1,"12":1,"13":1,"14":1,"16":1,"17":1,"18":1,"19":1,"20":1,"21":12,"22":12,"23":12},"branchMap":{"0":{"type":"branch","line":21,"loc":{"start":{"line":21,"column":34},"end":{"line":24,"column":2}},"locations":[{"start":{"line":21,"column":34},"end":{"line":24,"column":2}}]},"1":{"type":"branch","line":22,"loc":{"start":{"line":22,"column":14},"end":{"line":22,"column":42}},"locations":[{"start":{"line":22,"column":14},"end":{"line":22,"column":42}}]},"2":{"type":"branch","line":22,"loc":{"start":{"line":22,"column":29},"end":{"line":22,"column":34}},"locations":[{"start":{"line":22,"column":29},"end":{"line":22,"column":34}}]},"3":{"type":"branch","line":22,"loc":{"start":{"line":22,"column":44},"end":{"line":23,"column":22}},"locations":[{"start":{"line":22,"column":44},"end":{"line":23,"column":22}}]},"4":{"type":"branch","line":23,"loc":{"start":{"line":23,"column":22},"end":{"line":23,"column":50}},"locations":[{"start":{"line":23,"column":22},"end":{"line":23,"column":50}}]},"5":{"type":"branch","line":23,"loc":{"start":{"line":23,"column":51},"end":{"line":23,"column":65}},"locations":[{"start":{"line":23,"column":51},"end":{"line":23,"column":65}}]},"6":{"type":"branch","line":23,"loc":{"start":{"line":23,"column":66},"end":{"line":23,"column":76}},"locations":[{"start":{"line":23,"column":66},"end":{"line":23,"column":76}}]}},"b":{"0":[12],"1":[10],"2":[8],"3":[6],"4":[4],"5":[3],"6":[3]},"fnMap":{"0":{"name":"getEffectiveStatus","decl":{"start":{"line":21,"column":34},"end":{"line":24,"column":2}},"loc":{"start":{"line":21,"column":34},"end":{"line":24,"column":2}},"line":21}},"f":{"0":12}}
}
